23:16:55 18.10.2024:Start Matrix
23:16:55 18.10.2024:Success Protect Function
23:16:55 18.10.2024:Ok Test Random
23:16:55 18.10.2024:Success Protect Function
23:16:55 18.10.2024:Ok Test Random
23:16:55 18.10.2024:Sourse 3L matrix
  0.0000   0.0000   1.0000   0.0000   0.0000 
  0.0000   0.0000   0.0000   0.0000   1.0000 
  0.0000   1.0000   1.0000   1.0000   0.0000 
  1.0000   1.0000   0.0000   1.0000   0.0000 
  1.0000   1.0000   0.2500   0.0000   1.0000 
23:16:55 18.10.2024:Reverse (normal) 3L matrix
 -1.0000  -0.0000   1.0000  -1.0000   0.0000 
  1.2500   1.0000  -1.0000   1.0000  -1.0000 
 -1.0000  -0.0000   0.0000  -0.0000   0.0000 
 -0.2500  -1.0000  -0.0000  -1.0000   1.0000 
  0.0000  -1.0000   0.0000  -0.0000   0.0000 
23:16:55 18.10.2024:DET = 0 Reverse Matrix not exist
23:16:55 18.10.2024:DET = 0 Reverse Matrix not exist
23:16:55 18.10.2024:DET = 0 Reverse Matrix not exist
23:16:55 18.10.2024:DET = 0 Reverse Matrix not exist
23:16:55 18.10.2024:DET = 0 Reverse Matrix not exist
23:16:55 18.10.2024:DET = 0 Reverse Matrix not exist
23:16:55 18.10.2024:DET = 0 Reverse Matrix not exist
23:16:55 18.10.2024:DET = 0 Reverse Matrix not exist
23:16:55 18.10.2024:Sourse 3L matrix
  0.0000   1.0000   1.0000   0.0000   0.0000 
  0.0000   0.0000   1.0000   1.0000   1.0000 
  1.0000   0.0000   0.0000   1.0000   1.0000 
  0.0000   1.0000   0.0000   0.2500   1.0000 
  0.0000   0.0000   0.0000   0.0000   1.0000 
23:16:55 18.10.2024:Reverse (normal) 3L matrix
  1.0000  -1.0000   1.2500  -1.0000   0.7500 
  0.2500  -0.2500  -0.0000   1.0000  -0.7500 
  1.0000   0.2500   0.0000  -1.0000   0.7500 
 -1.0000   1.0000  -0.0000   1.0000  -2.0000 
  0.0000  -0.0000   0.0000  -0.0000   1.2500 
23:16:55 18.10.2024:DET = 0 Reverse Matrix not exist
23:16:55 18.10.2024:DET = 0 Reverse Matrix not exist
23:16:55 18.10.2024:DET = 0 Reverse Matrix not exist
23:16:55 18.10.2024:DET = 0 Reverse Matrix not exist
23:16:55 18.10.2024:DET = 0 Reverse Matrix not exist
23:16:55 18.10.2024:DET = 0 Reverse Matrix not exist
23:16:55 18.10.2024:DET = 0 Reverse Matrix not exist
23:16:55 18.10.2024:DET = 0 Reverse Matrix not exist
23:16:55 18.10.2024:Sourse 3L matrix
  1.0000   1.0000   1.0000   0.0000   0.0000 
  0.0000   1.0000   1.0000   0.0000   0.0000 
  0.0000   0.0000   1.0000   0.0000   0.0000 
  1.0000   0.2500   1.0000   0.0000   0.0000 
  0.0000   1.0000   0.0000   1.0000   0.0000 
23:16:55 18.10.2024:DET = 0 Reverse Matrix not exist
23:16:55 18.10.2024:DET = 0 Reverse Matrix not exist
23:16:55 18.10.2024:DET = 0 Reverse Matrix not exist
23:16:55 18.10.2024:DET = 0 Reverse Matrix not exist
23:16:55 18.10.2024:DET = 0 Reverse Matrix not exist
23:16:55 18.10.2024:DET = 0 Reverse Matrix not exist
23:16:55 18.10.2024:DET = 0 Reverse Matrix not exist
23:16:55 18.10.2024:DET = 0 Reverse Matrix not exist
23:16:55 18.10.2024:DET = 0 Reverse Matrix not exist
23:16:55 18.10.2024:DET = 0 Reverse Matrix not exist
23:16:55 18.10.2024:DET = 0 Reverse Matrix not exist
23:16:55 18.10.2024:DET = 0 Reverse Matrix not exist
23:16:55 18.10.2024:Sourse 3L matrix
  0.0000   1.0000   0.0000   1.0000   1.0000 
  1.0000   1.0000   0.0000   0.2500   1.0000 
  0.0000   1.0000   1.0000   0.0000   1.0000 
  0.0000   1.0000   1.0000   0.0000   1.0000 
  0.0000   0.0000   1.0000   0.0000   1.0000 
23:16:55 18.10.2024:DET = 0 Reverse Matrix not exist
23:16:55 18.10.2024:DET = 0 Reverse Matrix not exist
23:16:55 18.10.2024:DET = 0 Reverse Matrix not exist
23:16:55 18.10.2024:DET = 0 Reverse Matrix not exist
23:16:55 18.10.2024:DET = 0 Reverse Matrix not exist
23:16:55 18.10.2024:DET = 0 Reverse Matrix not exist
23:16:55 18.10.2024:DET = 0 Reverse Matrix not exist
23:16:55 18.10.2024:DET = 0 Reverse Matrix not exist
23:16:55 18.10.2024:Sourse 3L matrix
  1.0000   1.0000   0.0000   1.0000   0.0000 
  1.0000   1.0000   1.0000   0.0000   0.0000 
  1.0000   0.0000   0.0000   1.0000   1.0000 
  0.0000   1.0000   1.0000   0.0000   0.2500 
  0.0000   0.0000   1.0000   1.0000   1.0000 
23:16:55 18.10.2024:Reverse (normal) 3L matrix
  0.2500  -1.2500  -0.5000   1.0000   0.2500 
 -0.5000   1.0000  -0.5000  -2.0000   1.0000 
  0.2500  -1.2500   1.0000   1.0000  -1.2500 
 -1.2500   0.2500   1.0000   1.0000  -1.2500 
  1.0000   1.0000  -2.0000  -2.0000   1.0000 
23:16:55 18.10.2024:DET = 0 Reverse Matrix not exist
23:16:55 18.10.2024:DET = 0 Reverse Matrix not exist
23:16:55 18.10.2024:DET = 0 Reverse Matrix not exist
23:16:55 18.10.2024:DET = 0 Reverse Matrix not exist
23:16:55 18.10.2024:DET = 0 Reverse Matrix not exist
23:16:55 18.10.2024:DET = 0 Reverse Matrix not exist
23:16:55 18.10.2024:DET = 0 Reverse Matrix not exist
23:16:55 18.10.2024:DET = 0 Reverse Matrix not exist
23:16:55 18.10.2024:
All det = 56 [0.560000] U = 3.857143 ~U = 2.982143 Other = 2.053571

23:16:55 18.10.2024:0000 0000 0216 0000 0009 0000 0000 0167 0000 0000 
23:16:55 18.10.2024:First GF2 matrix
  1.0000   1.0000   0.0000   0.0000   0.0000 
  1.0000   0.0000   1.0000   0.0000   0.0000 
  1.0000   0.0000   0.0000   1.0000   1.0000 
  0.0000   0.0000   1.0000   1.0000   0.0000 
  0.0000   1.0000   0.0000   0.0000   0.0000 
23:16:55 18.10.2024:Second GF2 matrix
  0.0000   1.0000   0.0000   0.0000   1.0000 
  0.0000   1.0000   0.0000   0.0000   0.0000 
  1.0000   0.0000   0.0000   0.0000   0.0000 
  0.0000   1.0000   0.0000   0.0000   0.0000 
  0.0000   0.0000   0.0000   1.0000   0.0000 
23:16:57 18.10.2024:Polinom mult
  1.0000   1.0000   0.0000   1.0000   1.0000 
  1.0000   1.0000   0.0000   1.0000   1.0000 
  0.0000   0.0000   1.0000   0.0000   0.0000 
  1.0000   1.0000   0.0000   1.0000   1.0000 
  0.0000   0.0000   1.0000   0.0000   0.0000 
23:16:57 18.10.2024:Classic mult
  1.0000   1.0000   0.0000   1.0000   1.0000 
  1.0000   1.0000   0.0000   1.0000   1.0000 
  0.0000   0.0000   1.0000   0.0000   0.0000 
  1.0000   1.0000   0.0000   1.0000   1.0000 
  0.0000   0.0000   1.0000   0.0000   0.0000 
23:16:58 18.10.2024:
U = 4.220000 ~U = 3.780000 Other = 1.000000

23:16:58 18.10.2024:0000 0000 0422 0034 0015 0032 0019 0378 0000 0000 
23:17:16 18.10.2024:Start Matrix
23:17:16 18.10.2024:Success Protect Function
23:17:16 18.10.2024:Ok Test Random
23:17:16 18.10.2024:Success Protect Function
23:17:16 18.10.2024:Ok Test Random
23:17:16 18.10.2024:Sourse 3L matrix
  0.0000   1.0000   0.0000   1.0000   0.0000 
  0.0000   1.0000   0.0000   1.0000   0.2500 
  0.0000   1.0000   0.0000   0.0000   1.0000 
  1.0000   1.0000   1.0000   0.0000   0.0000 
  1.0000   0.0000   1.0000   1.0000   1.0000 
23:17:16 18.10.2024:DET = 0 Reverse Matrix not exist
23:17:16 18.10.2024:DET = 0 Reverse Matrix not exist
23:17:16 18.10.2024:DET = 0 Reverse Matrix not exist
23:17:16 18.10.2024:DET = 0 Reverse Matrix not exist
23:17:16 18.10.2024:DET = 0 Reverse Matrix not exist
23:17:16 18.10.2024:DET = 0 Reverse Matrix not exist
23:17:16 18.10.2024:DET = 0 Reverse Matrix not exist
23:17:16 18.10.2024:DET = 0 Reverse Matrix not exist
23:17:16 18.10.2024:DET = 0 Reverse Matrix not exist
23:17:16 18.10.2024:Sourse 3L matrix
  1.0000   0.0000   0.0000   0.0000   1.0000 
  0.0000   1.0000   0.0000   1.0000   0.2500 
  1.0000   1.0000   0.0000   0.0000   0.0000 
  0.0000   0.0000   0.0000   0.0000   1.0000 
  1.0000   0.0000   0.0000   1.0000   0.0000 
23:17:16 18.10.2024:DET = 0 Reverse Matrix not exist
23:17:16 18.10.2024:DET = 0 Reverse Matrix not exist
23:17:16 18.10.2024:DET = 0 Reverse Matrix not exist
23:17:16 18.10.2024:DET = 0 Reverse Matrix not exist
23:17:16 18.10.2024:DET = 0 Reverse Matrix not exist
23:17:16 18.10.2024:DET = 0 Reverse Matrix not exist
23:17:16 18.10.2024:DET = 0 Reverse Matrix not exist
23:17:16 18.10.2024:DET = 0 Reverse Matrix not exist
23:17:16 18.10.2024:DET = 0 Reverse Matrix not exist
23:17:16 18.10.2024:Sourse 3L matrix
  1.0000   1.0000   0.2500   1.0000   1.0000 
  0.0000   0.0000   0.0000   1.0000   0.0000 
  0.0000   0.0000   1.0000   0.0000   1.0000 
  1.0000   0.0000   1.0000   0.0000   0.0000 
  1.0000   1.0000   0.0000   1.0000   1.0000 
23:17:16 18.10.2024:Reverse (normal) 3L matrix
 -1.0000  -0.0000   0.0000   0.2500   1.0000 
  2.0000  -0.2500  -0.2500  -0.2500  -1.7500 
  1.0000  -0.0000   0.0000  -0.0000  -1.0000 
 -0.0000   0.2500  -0.0000   0.0000  -0.0000 
 -1.0000  -0.0000   0.2500  -0.0000   1.0000 
23:17:16 18.10.2024:DET = 0 Reverse Matrix not exist
23:17:16 18.10.2024:DET = 0 Reverse Matrix not exist
23:17:16 18.10.2024:DET = 0 Reverse Matrix not exist
23:17:16 18.10.2024:DET = 0 Reverse Matrix not exist
23:17:16 18.10.2024:DET = 0 Reverse Matrix not exist
23:17:16 18.10.2024:DET = 0 Reverse Matrix not exist
23:17:16 18.10.2024:DET = 0 Reverse Matrix not exist
23:17:16 18.10.2024:Sourse 3L matrix
  1.0000   1.0000   1.0000   1.0000   0.0000 
  1.0000   0.0000   0.0000   1.0000   0.0000 
  0.0000   0.0000   0.0000   1.0000   0.0000 
  0.2500   0.0000   1.0000   0.0000   0.0000 
  0.0000   0.0000   0.0000   0.0000   1.0000 
23:17:16 18.10.2024:Reverse (normal) 3L matrix
  0.0000   1.0000  -1.0000  -0.0000   0.0000 
  1.0000  -0.7500  -0.2500  -1.0000  -0.0000 
  0.0000  -0.2500   0.2500   1.0000   0.0000 
 -0.0000   0.0000   1.0000   0.0000  -0.0000 
  0.0000  -0.0000   0.0000  -0.0000   1.0000 
23:17:16 18.10.2024:DET = 0 Reverse Matrix not exist
23:17:16 18.10.2024:DET = 0 Reverse Matrix not exist
23:17:16 18.10.2024:DET = 0 Reverse Matrix not exist
23:17:16 18.10.2024:DET = 0 Reverse Matrix not exist
23:17:16 18.10.2024:DET = 0 Reverse Matrix not exist
23:17:16 18.10.2024:DET = 0 Reverse Matrix not exist
23:17:16 18.10.2024:DET = 0 Reverse Matrix not exist
23:17:16 18.10.2024:Sourse 3L matrix
  1.0000   1.0000   0.0000   1.0000   0.0000 
  1.0000   1.0000   1.0000   0.0000   0.0000 
  1.0000   0.0000   0.0000   1.0000   0.0000 
  1.0000   0.0000   1.0000   0.0000   0.0000 
  1.0000   0.2500   1.0000   1.0000   0.0000 
23:17:16 18.10.2024:DET = 0 Reverse Matrix not exist
23:17:16 18.10.2024:DET = 0 Reverse Matrix not exist
23:17:16 18.10.2024:DET = 0 Reverse Matrix not exist
23:17:16 18.10.2024:DET = 0 Reverse Matrix not exist
23:17:16 18.10.2024:DET = 0 Reverse Matrix not exist
23:17:16 18.10.2024:DET = 0 Reverse Matrix not exist
23:17:16 18.10.2024:DET = 0 Reverse Matrix not exist
23:17:16 18.10.2024:DET = 0 Reverse Matrix not exist
23:17:16 18.10.2024:DET = 0 Reverse Matrix not exist
23:17:16 18.10.2024:DET = 0 Reverse Matrix not exist
23:17:16 18.10.2024:
All det = 58 [0.580000] U = 3.500000 ~U = 2.396552 Other = 2.034483

23:17:16 18.10.2024:0000 0000 0203 0000 0006 0000 0000 0139 0000 0000 
23:17:16 18.10.2024:First GF2 matrix
  0.0000   0.0000   0.0000   0.0000   1.0000 
  1.0000   0.0000   0.0000   1.0000   1.0000 
  1.0000   0.0000   1.0000   1.0000   1.0000 
  0.0000   0.0000   0.0000   1.0000   0.0000 
  0.0000   0.0000   0.0000   0.0000   1.0000 
23:17:16 18.10.2024:Second GF2 matrix
  1.0000   1.0000   0.0000   0.0000   1.0000 
  0.0000   1.0000   1.0000   0.0000   0.0000 
  1.0000   1.0000   1.0000   0.0000   0.0000 
  0.0000   0.0000   1.0000   0.0000   1.0000 
  0.0000   1.0000   1.0000   0.0000   1.0000 
23:17:18 18.10.2024:Polinom mult
  1.0000   1.0000   1.0000   1.0000   0.0000 
  1.0000   1.0000   1.0000   1.0000   0.0000 
  0.0000   0.0000   0.0000   0.0000   1.0000 
  1.0000   1.0000   1.0000   1.0000   0.0000 
  1.0000   1.0000   1.0000   1.0000   0.0000 
23:17:18 18.10.2024:Classic mult
  1.0000   1.0000   1.0000   1.0000   0.0000 
  1.0000   1.0000   1.0000   1.0000   0.0000 
  0.0000   0.0000   0.0000   0.0000   1.0000 
  1.0000   1.0000   1.0000   1.0000   0.0000 
  1.0000   1.0000   1.0000   1.0000   0.0000 
23:17:18 18.10.2024:
U = 4.340000 ~U = 3.660000 Other = 1.000000

23:17:18 18.10.2024:0000 0000 0434 0035 0010 0035 0020 0366 0000 0000 
23:17:22 18.10.2024:Start Matrix
23:17:22 18.10.2024:Success Protect Function
23:17:22 18.10.2024:Ok Test Random
23:17:22 18.10.2024:Success Protect Function
23:17:22 18.10.2024:Ok Test Random
23:17:22 18.10.2024:Sourse 3L matrix
  0.0000   1.0000   0.2500   1.0000   1.0000 
  1.0000   0.0000   0.0000   0.0000   1.0000 
  1.0000   0.0000   1.0000   1.0000   1.0000 
  0.0000   0.0000   1.0000   1.0000   1.0000 
  1.0000   1.0000   1.0000   1.0000   1.0000 
23:17:22 18.10.2024:Reverse (normal) 3L matrix
  0.0000  -0.0000  -0.7500   0.7500   0.0000 
 -0.0000   0.0000   0.7500   0.0000  -0.7500 
  1.0000  -0.0000   1.0000  -1.0000  -1.0000 
 -1.0000   0.7500  -1.7500   1.0000   1.0000 
  0.0000  -0.7500   0.7500  -0.7500   0.0000 
23:17:22 18.10.2024:DET = 0 Reverse Matrix not exist
23:17:22 18.10.2024:DET = 0 Reverse Matrix not exist
23:17:22 18.10.2024:DET = 0 Reverse Matrix not exist
23:17:22 18.10.2024:DET = 0 Reverse Matrix not exist
23:17:22 18.10.2024:DET = 0 Reverse Matrix not exist
23:17:22 18.10.2024:DET = 0 Reverse Matrix not exist
23:17:22 18.10.2024:DET = 0 Reverse Matrix not exist
23:17:22 18.10.2024:DET = 0 Reverse Matrix not exist
23:17:22 18.10.2024:Sourse 3L matrix
  1.0000   0.2500   1.0000   1.0000   1.0000 
  0.0000   1.0000   1.0000   1.0000   1.0000 
  0.0000   1.0000   1.0000   0.0000   1.0000 
  0.0000   1.0000   1.0000   0.0000   0.0000 
  1.0000   0.0000   0.0000   1.0000   1.0000 
23:17:22 18.10.2024:Reverse (normal) 3L matrix
  0.0000   0.7500   0.0000  -0.7500  -0.7500 
  1.0000   0.0000  -0.0000  -1.0000  -1.0000 
 -1.0000  -0.0000   0.0000   0.2500   1.0000 
 -0.0000  -0.7500   0.7500   0.0000  -0.0000 
  0.0000  -0.0000  -0.7500   0.7500   0.0000 
23:17:22 18.10.2024:DET = 0 Reverse Matrix not exist
23:17:22 18.10.2024:DET = 0 Reverse Matrix not exist
23:17:22 18.10.2024:DET = 0 Reverse Matrix not exist
23:17:22 18.10.2024:DET = 0 Reverse Matrix not exist
23:17:22 18.10.2024:DET = 0 Reverse Matrix not exist
23:17:22 18.10.2024:DET = 0 Reverse Matrix not exist
23:17:22 18.10.2024:DET = 0 Reverse Matrix not exist
23:17:22 18.10.2024:DET = 0 Reverse Matrix not exist
23:17:22 18.10.2024:Sourse 3L matrix
  1.0000   0.0000   0.0000   0.0000   1.0000 
  1.0000   0.0000   1.0000   0.0000   0.0000 
  0.0000   1.0000   1.0000   0.0000   1.0000 
  1.0000   1.0000   1.0000   0.0000   0.2500 
  1.0000   0.0000   1.0000   0.0000   1.0000 
23:17:22 18.10.2024:DET = 0 Reverse Matrix not exist
23:17:22 18.10.2024:DET = 0 Reverse Matrix not exist
23:17:22 18.10.2024:DET = 0 Reverse Matrix not exist
23:17:22 18.10.2024:DET = 0 Reverse Matrix not exist
23:17:22 18.10.2024:DET = 0 Reverse Matrix not exist
23:17:22 18.10.2024:DET = 0 Reverse Matrix not exist
23:17:22 18.10.2024:DET = 0 Reverse Matrix not exist
23:17:22 18.10.2024:DET = 0 Reverse Matrix not exist
23:17:22 18.10.2024:DET = 0 Reverse Matrix not exist
23:17:22 18.10.2024:DET = 0 Reverse Matrix not exist
23:17:22 18.10.2024:Sourse 3L matrix
  1.0000   0.2500   1.0000   1.0000   1.0000 
  0.0000   1.0000   1.0000   0.0000   0.0000 
  0.0000   0.0000   1.0000   0.0000   0.0000 
  1.0000   1.0000   1.0000   0.0000   0.0000 
  1.0000   0.0000   0.0000   0.0000   0.0000 
23:17:22 18.10.2024:DET = 0 Reverse Matrix not exist
23:17:22 18.10.2024:DET = 0 Reverse Matrix not exist
23:17:22 18.10.2024:DET = 0 Reverse Matrix not exist
23:17:22 18.10.2024:DET = 0 Reverse Matrix not exist
23:17:22 18.10.2024:DET = 0 Reverse Matrix not exist
23:17:22 18.10.2024:DET = 0 Reverse Matrix not exist
23:17:22 18.10.2024:DET = 0 Reverse Matrix not exist
23:17:22 18.10.2024:DET = 0 Reverse Matrix not exist
23:17:22 18.10.2024:DET = 0 Reverse Matrix not exist
23:17:22 18.10.2024:DET = 0 Reverse Matrix not exist
23:17:22 18.10.2024:DET = 0 Reverse Matrix not exist
23:17:22 18.10.2024:DET = 0 Reverse Matrix not exist
23:17:22 18.10.2024:Sourse 3L matrix
  1.0000   1.0000   1.0000   0.0000   0.0000 
  0.2500   0.0000   0.0000   1.0000   1.0000 
  0.0000   0.0000   1.0000   0.0000   0.0000 
  0.0000   1.0000   1.0000   0.0000   1.0000 
  0.0000   1.0000   0.0000   1.0000   1.0000 
23:17:22 18.10.2024:Reverse (normal) 3L matrix
  1.0000   1.0000  -1.0000  -0.0000  -1.0000 
  0.2500  -1.0000  -0.2500   0.0000   1.0000 
  0.0000  -0.0000   1.2500  -0.0000   0.0000 
 -0.0000   0.0000   1.2500  -1.2500   1.2500 
 -0.2500   1.0000  -1.0000   1.2500  -1.0000 
23:17:22 18.10.2024:DET = 0 Reverse Matrix not exist
23:17:22 18.10.2024:DET = 0 Reverse Matrix not exist
23:17:22 18.10.2024:DET = 0 Reverse Matrix not exist
23:17:22 18.10.2024:DET = 0 Reverse Matrix not exist
23:17:22 18.10.2024:DET = 0 Reverse Matrix not exist
23:17:22 18.10.2024:DET = 0 Reverse Matrix not exist
23:17:22 18.10.2024:DET = 0 Reverse Matrix not exist
23:17:22 18.10.2024:DET = 0 Reverse Matrix not exist
23:17:22 18.10.2024:DET = 0 Reverse Matrix not exist
23:17:22 18.10.2024:DET = 0 Reverse Matrix not exist
23:17:22 18.10.2024:DET = 0 Reverse Matrix not exist
23:17:22 18.10.2024:DET = 0 Reverse Matrix not exist
23:17:22 18.10.2024:DET = 0 Reverse Matrix not exist
23:17:22 18.10.2024:DET = 0 Reverse Matrix not exist
23:17:22 18.10.2024:
All det = 48 [0.480000] U = 3.645833 ~U = 2.729167 Other = 1.562500

23:17:22 18.10.2024:0000 0000 0175 0000 0008 0000 0000 0131 0000 0000 
23:17:22 18.10.2024:First GF2 matrix
  1.0000   1.0000   1.0000   1.0000   0.0000 
  1.0000   0.0000   1.0000   1.0000   0.0000 
  0.0000   0.0000   1.0000   1.0000   0.0000 
  1.0000   0.0000   1.0000   0.0000   1.0000 
  1.0000   0.0000   1.0000   1.0000   0.0000 
23:17:22 18.10.2024:Second GF2 matrix
  0.0000   1.0000   0.0000   1.0000   0.0000 
  1.0000   1.0000   1.0000   0.0000   1.0000 
  0.0000   1.0000   1.0000   1.0000   1.0000 
  0.0000   1.0000   1.0000   1.0000   0.0000 
  1.0000   1.0000   1.0000   1.0000   0.0000 
23:17:23 18.10.2024:Polinom mult
  0.0000   1.0000   0.0000   0.0000   0.0000 
  1.0000   0.0000   1.0000   1.0000   1.0000 
  0.0000   1.0000   0.0000   0.0000   0.0000 
  1.0000   0.0000   1.0000   1.0000   1.0000 
  1.0000   0.0000   1.0000   1.0000   1.0000 
23:17:23 18.10.2024:Classic mult
  0.0000   1.0000   0.0000   0.0000   0.0000 
  1.0000   0.0000   1.0000   1.0000   1.0000 
  0.0000   1.0000   0.0000   0.0000   0.0000 
  1.0000   0.0000   1.0000   1.0000   1.0000 
  1.0000   0.0000   1.0000   1.0000   1.0000 
23:17:24 18.10.2024:
U = 4.030000 ~U = 3.970000 Other = 1.000000

23:17:24 18.10.2024:0000 0000 0403 0040 0016 0025 0019 0397 0000 0000 
23:17:58 18.10.2024:Start Matrix
23:17:58 18.10.2024:Success Protect Function
23:17:58 18.10.2024:Ok Test Random
23:17:58 18.10.2024:Success Protect Function
23:17:58 18.10.2024:Ok Test Random
23:17:58 18.10.2024:Sourse 3L matrix
  0.0000   1.0000   1.0000   1.0000   0.0000   0.0000   0.0000 
  1.0000   0.0000   0.0000   1.0000   1.0000   1.0000   1.0000 
  1.0000   1.0000   1.0000   1.0000   1.0000   0.0000   1.0000 
  0.0000   1.0000   1.0000   1.0000   1.0000   1.0000   0.0000 
  0.2500   0.0000   1.0000   0.0000   1.0000   0.0000   1.0000 
  0.0000   0.0000   1.0000   1.0000   0.0000   0.0000   0.0000 
  0.0000   1.0000   0.0000   1.0000   1.0000   0.0000   1.0000 
23:17:58 18.10.2024:Reverse (normal) 3L matrix
  1.0000  -0.0000  -2.0000  -0.0000   1.0000  -0.0000   1.0000 
 -1.7500   0.0000  -0.0000   0.0000  -0.0000   1.7500  -0.0000 
 -1.0000  -0.0000   0.2500  -0.0000  -1.0000  -0.0000   0.7500 
  1.0000   0.0000  -0.2500   0.0000   1.0000  -1.7500  -0.7500 
  4.5000   1.7500  -2.0000  -1.7500   1.0000  -1.7500  -0.7500 
 -2.7500  -1.7500   2.0000   0.0000  -1.0000   1.7500   0.7500 
 -3.7500  -1.7500   2.2500   1.7500  -2.0000   1.7500  -0.2500 
23:17:58 18.10.2024:DET = 0 Reverse Matrix not exist
23:17:58 18.10.2024:DET = 0 Reverse Matrix not exist
23:17:58 18.10.2024:DET = 0 Reverse Matrix not exist
23:17:58 18.10.2024:DET = 0 Reverse Matrix not exist
23:17:58 18.10.2024:DET = 0 Reverse Matrix not exist
23:17:59 18.10.2024:DET = 0 Reverse Matrix not exist
23:17:59 18.10.2024:Sourse 3L matrix
  0.0000   1.0000   1.0000   0.0000   1.0000   0.0000   0.0000 
  1.0000   1.0000   0.0000   0.0000   1.0000   1.0000   1.0000 
  0.0000   1.0000   1.0000   1.0000   1.0000   0.0000   1.0000 
  0.0000   1.0000   0.0000   1.0000   0.0000   0.0000   0.0000 
  1.0000   0.0000   0.0000   0.0000   0.0000   0.2500   0.0000 
  0.0000   1.0000   1.0000   1.0000   1.0000   0.0000   1.0000 
  1.0000   1.0000   0.0000   1.0000   0.0000   1.0000   1.0000 
23:17:59 18.10.2024:DET = 0 Reverse Matrix not exist
23:17:59 18.10.2024:DET = 0 Reverse Matrix not exist
23:17:59 18.10.2024:DET = 0 Reverse Matrix not exist
23:17:59 18.10.2024:DET = 0 Reverse Matrix not exist
23:17:59 18.10.2024:DET = 0 Reverse Matrix not exist
23:17:59 18.10.2024:Sourse 3L matrix
  1.0000   1.0000   1.0000   0.0000   1.0000   1.0000   1.0000 
  0.0000   0.0000   0.0000   1.0000   1.0000   1.0000   1.0000 
  1.0000   1.0000   0.0000   1.0000   0.0000   1.0000   0.0000 
  0.0000   1.0000   0.0000   0.0000   0.0000   1.0000   1.0000 
  1.0000   1.0000   1.0000   0.0000   1.0000   1.0000   1.0000 
  0.0000   1.0000   0.0000   0.0000   0.0000   0.0000   1.0000 
  1.0000   0.0000   0.2500   1.0000   0.0000   1.0000   1.0000 
23:17:59 18.10.2024:DET = 0 Reverse Matrix not exist
23:17:59 18.10.2024:DET = 0 Reverse Matrix not exist
23:17:59 18.10.2024:DET = 0 Reverse Matrix not exist
23:17:59 18.10.2024:DET = 0 Reverse Matrix not exist
23:17:59 18.10.2024:DET = 0 Reverse Matrix not exist
23:17:59 18.10.2024:DET = 0 Reverse Matrix not exist
23:17:59 18.10.2024:DET = 0 Reverse Matrix not exist
23:17:59 18.10.2024:DET = 0 Reverse Matrix not exist
23:17:59 18.10.2024:DET = 0 Reverse Matrix not exist
23:17:59 18.10.2024:DET = 0 Reverse Matrix not exist
23:17:59 18.10.2024:DET = 0 Reverse Matrix not exist
23:17:59 18.10.2024:DET = 0 Reverse Matrix not exist
23:17:59 18.10.2024:DET = 0 Reverse Matrix not exist
23:17:59 18.10.2024:DET = 0 Reverse Matrix not exist
23:17:59 18.10.2024:Sourse 3L matrix
  0.0000   0.0000   1.0000   0.0000   1.0000   1.0000   0.0000 
  0.0000   0.0000   1.0000   1.0000   0.0000   1.0000   0.0000 
  0.0000   1.0000   1.0000   1.0000   1.0000   1.0000   1.0000 
  0.0000   0.0000   0.0000   1.0000   1.0000   1.0000   0.0000 
  1.0000   0.0000   0.0000   0.0000   0.0000   1.0000   0.2500 
  1.0000   0.0000   1.0000   1.0000   0.0000   0.0000   1.0000 
  1.0000   1.0000   0.0000   1.0000   0.0000   1.0000   0.0000 
23:17:59 18.10.2024:Reverse (normal) 3L matrix
  2.5000  -2.5000  -2.5000  -0.0000   0.0000   2.5000   2.5000 
  0.7500  -1.2500   1.7500  -2.5000  -2.0000  -1.2500   3.2500 
  3.2500   1.2500  -0.7500  -2.5000  -2.0000   1.2500   0.7500 
 -1.7500   1.2500  -0.7500   2.5000  -2.0000   1.2500   0.7500 
  3.2500  -3.7500  -0.7500   2.5000  -2.0000   1.2500   0.7500 
 -1.5000   2.5000   1.5000   0.0000   4.0000  -2.5000  -1.5000 
 -4.0000  -0.0000   4.0000  -0.0000   4.0000  -0.0000  -4.0000 
23:17:59 18.10.2024:DET = 0 Reverse Matrix not exist
23:17:59 18.10.2024:DET = 0 Reverse Matrix not exist
23:17:59 18.10.2024:DET = 0 Reverse Matrix not exist
23:18:00 18.10.2024:DET = 0 Reverse Matrix not exist
23:18:00 18.10.2024:DET = 0 Reverse Matrix not exist
23:18:00 18.10.2024:Sourse 3L matrix
  0.0000   1.0000   1.0000   1.0000   1.0000   1.0000   0.0000 
  0.0000   1.0000   1.0000   1.0000   1.0000   0.0000   1.0000 
  0.0000   1.0000   0.0000   1.0000   1.0000   1.0000   0.0000 
  1.0000   0.0000   1.0000   1.0000   1.0000   0.0000   1.0000 
  1.0000   0.0000   0.0000   0.0000   0.0000   1.0000   1.0000 
  0.0000   1.0000   0.0000   1.0000   1.0000   0.0000   0.0000 
  0.2500   1.0000   1.0000   0.0000   0.0000   0.0000   1.0000 
23:18:00 18.10.2024:DET = 0 Reverse Matrix not exist
23:18:00 18.10.2024:DET = 0 Reverse Matrix not exist
23:18:00 18.10.2024:DET = 0 Reverse Matrix not exist
23:18:00 18.10.2024:DET = 0 Reverse Matrix not exist
23:18:00 18.10.2024:DET = 0 Reverse Matrix not exist
23:18:00 18.10.2024:DET = 0 Reverse Matrix not exist
23:18:00 18.10.2024:DET = 0 Reverse Matrix not exist
23:18:00 18.10.2024:DET = 0 Reverse Matrix not exist
23:18:00 18.10.2024:DET = 0 Reverse Matrix not exist
23:18:00 18.10.2024:DET = 0 Reverse Matrix not exist
23:18:00 18.10.2024:DET = 0 Reverse Matrix not exist
23:18:00 18.10.2024:DET = 0 Reverse Matrix not exist
23:18:00 18.10.2024:DET = 0 Reverse Matrix not exist
23:18:00 18.10.2024:
All det = 57 [0.570000] U = 5.122807 ~U = 3.754386 Other = 14.263158

23:18:00 18.10.2024:0000 0000 0292 0000 0122 0000 0000 0214 0000 0000 
23:18:00 18.10.2024:First GF2 matrix
  1.0000   1.0000   1.0000   1.0000   0.0000   1.0000   0.0000 
  0.0000   0.0000   0.0000   1.0000   0.0000   1.0000   1.0000 
  0.0000   1.0000   1.0000   1.0000   0.0000   1.0000   1.0000 
  0.0000   1.0000   1.0000   1.0000   0.0000   0.0000   1.0000 
  0.0000   0.0000   1.0000   1.0000   1.0000   1.0000   1.0000 
  1.0000   1.0000   1.0000   0.0000   1.0000   1.0000   0.0000 
  1.0000   0.0000   0.0000   1.0000   0.0000   0.0000   0.0000 
23:18:00 18.10.2024:Second GF2 matrix
  0.0000   0.0000   1.0000   0.0000   0.0000   0.0000   1.0000 
  0.0000   1.0000   0.0000   0.0000   1.0000   0.0000   1.0000 
  1.0000   1.0000   1.0000   0.0000   0.0000   1.0000   1.0000 
  1.0000   1.0000   0.0000   1.0000   0.0000   1.0000   1.0000 
  1.0000   0.0000   1.0000   1.0000   0.0000   1.0000   1.0000 
  0.0000   0.0000   0.0000   0.0000   1.0000   0.0000   0.0000 
  1.0000   0.0000   0.0000   0.0000   0.0000   1.0000   1.0000 
23:18:02 18.10.2024:Polinom mult
  1.0000   0.0000   0.0000   1.0000   1.0000   1.0000   1.0000 
  1.0000   0.0000   0.0000   1.0000   1.0000   1.0000   1.0000 
  1.0000   0.0000   0.0000   1.0000   1.0000   1.0000   1.0000 
  0.0000   1.0000   1.0000   0.0000   0.0000   0.0000   0.0000 
  1.0000   0.0000   0.0000   1.0000   1.0000   1.0000   1.0000 
  1.0000   0.0000   0.0000   1.0000   1.0000   1.0000   1.0000 
  0.0000   1.0000   1.0000   0.0000   0.0000   0.0000   0.0000 
23:18:02 18.10.2024:Classic mult
  1.0000   0.0000   0.0000   1.0000   1.0000   1.0000   1.0000 
  1.0000   0.0000   0.0000   1.0000   1.0000   1.0000   1.0000 
  1.0000   0.0000   0.0000   1.0000   1.0000   1.0000   1.0000 
  0.0000   1.0000   1.0000   0.0000   0.0000   0.0000   0.0000 
  1.0000   0.0000   0.0000   1.0000   1.0000   1.0000   1.0000 
  1.0000   0.0000   0.0000   1.0000   1.0000   1.0000   1.0000 
  0.0000   1.0000   1.0000   0.0000   0.0000   0.0000   0.0000 
23:18:03 18.10.2024:
U = 5.910000 ~U = 6.090000 Other = 1.000000

23:18:03 18.10.2024:0000 0000 0591 0038 0013 0032 0017 0609 0000 0000 
23:18:07 18.10.2024:Start Matrix
23:18:07 18.10.2024:Success Protect Function
23:18:07 18.10.2024:Ok Test Random
23:18:07 18.10.2024:Success Protect Function
23:18:07 18.10.2024:Ok Test Random
23:18:07 18.10.2024:Sourse 3L matrix
  1.0000   0.0000   0.2500   0.0000   1.0000   0.0000   0.0000 
  0.0000   1.0000   1.0000   0.0000   1.0000   0.0000   0.0000 
  0.0000   0.0000   0.0000   1.0000   1.0000   0.0000   1.0000 
  1.0000   1.0000   1.0000   1.0000   1.0000   1.0000   1.0000 
  1.0000   1.0000   0.0000   1.0000   1.0000   1.0000   1.0000 
  1.0000   1.0000   1.0000   1.0000   1.0000   1.0000   1.0000 
  0.0000   1.0000   1.0000   0.0000   1.0000   0.0000   0.0000 
23:18:07 18.10.2024:DET = 0 Reverse Matrix not exist
23:18:07 18.10.2024:DET = 0 Reverse Matrix not exist
23:18:07 18.10.2024:DET = 0 Reverse Matrix not exist
23:18:07 18.10.2024:DET = 0 Reverse Matrix not exist
23:18:07 18.10.2024:DET = 0 Reverse Matrix not exist
23:18:07 18.10.2024:DET = 0 Reverse Matrix not exist
23:18:07 18.10.2024:DET = 0 Reverse Matrix not exist
23:18:07 18.10.2024:DET = 0 Reverse Matrix not exist
23:18:07 18.10.2024:DET = 0 Reverse Matrix not exist
23:18:07 18.10.2024:Sourse 3L matrix
  0.0000   0.0000   0.0000   0.0000   0.0000   1.0000   0.0000 
  1.0000   0.0000   1.0000   0.0000   0.0000   1.0000   0.0000 
  0.0000   1.0000   0.0000   0.2500   0.0000   1.0000   0.0000 
  0.0000   0.0000   0.0000   1.0000   1.0000   1.0000   0.0000 
  1.0000   0.0000   1.0000   0.0000   0.0000   0.0000   1.0000 
  1.0000   0.0000   1.0000   1.0000   0.0000   1.0000   1.0000 
  0.0000   0.0000   0.0000   0.0000   0.0000   0.0000   0.0000 
23:18:08 18.10.2024:DET = 0 Reverse Matrix not exist
23:18:08 18.10.2024:DET = 0 Reverse Matrix not exist
23:18:08 18.10.2024:DET = 0 Reverse Matrix not exist
23:18:08 18.10.2024:DET = 0 Reverse Matrix not exist
23:18:08 18.10.2024:DET = 0 Reverse Matrix not exist
23:18:08 18.10.2024:DET = 0 Reverse Matrix not exist
23:18:08 18.10.2024:DET = 0 Reverse Matrix not exist
23:18:08 18.10.2024:DET = 0 Reverse Matrix not exist
23:18:08 18.10.2024:Sourse 3L matrix
  0.0000   1.0000   0.0000   0.0000   1.0000   1.0000   1.0000 
  1.0000   1.0000   0.0000   0.0000   1.0000   0.0000   1.0000 
  1.0000   0.0000   0.0000   0.0000   0.0000   1.0000   0.0000 
  0.0000   0.0000   0.0000   0.0000   1.0000   0.0000   0.0000 
  0.0000   0.0000   1.0000   1.0000   0.0000   0.0000   0.0000 
  1.0000   0.2500   1.0000   0.0000   0.0000   0.0000   1.0000 
  1.0000   0.0000   1.0000   0.0000   0.0000   1.0000   0.0000 
23:18:08 18.10.2024:Reverse (normal) 3L matrix
 -0.7500   0.7500   0.7500  -0.0000   0.0000  -0.0000   0.0000 
 -0.0000   2.0000  -2.0000  -2.0000  -0.0000  -2.0000   2.0000 
  0.0000  -0.0000  -1.5000  -0.0000   0.0000  -0.0000   1.5000 
 -0.0000   0.0000   1.5000   0.0000   1.5000   0.0000  -1.5000 
  0.0000  -0.0000   0.0000   1.5000   0.0000  -0.0000   0.0000 
  0.7500  -0.7500   0.7500   0.0000  -0.0000   0.0000  -0.0000 
  0.7500  -1.2500   1.2500   0.5000   0.0000   2.0000  -2.0000 
23:18:08 18.10.2024:DET = 0 Reverse Matrix not exist
23:18:08 18.10.2024:DET = 0 Reverse Matrix not exist
23:18:08 18.10.2024:DET = 0 Reverse Matrix not exist
23:18:08 18.10.2024:DET = 0 Reverse Matrix not exist
23:18:08 18.10.2024:DET = 0 Reverse Matrix not exist
23:18:08 18.10.2024:DET = 0 Reverse Matrix not exist
23:18:08 18.10.2024:Sourse 3L matrix
  1.0000   1.0000   0.0000   0.0000   1.0000   1.0000   1.0000 
  1.0000   1.0000   1.0000   0.0000   1.0000   0.0000   1.0000 
  1.0000   1.0000   1.0000   0.0000   1.0000   0.0000   0.0000 
  0.0000   1.0000   1.0000   0.2500   0.0000   1.0000   0.0000 
  1.0000   1.0000   1.0000   1.0000   1.0000   1.0000   1.0000 
  0.0000   0.0000   1.0000   1.0000   1.0000   0.0000   0.0000 
  0.0000   1.0000   1.0000   1.0000   0.0000   1.0000   1.0000 
23:18:08 18.10.2024:Reverse (normal) 3L matrix
  0.7500  -0.0000   0.0000  -0.0000  -1.5000   0.7500   0.7500 
 -0.7500   1.0000  -1.7500   1.0000   1.5000   0.0000  -1.7500 
  0.7500  -1.0000   1.0000  -1.0000  -0.7500  -0.0000   1.0000 
 -0.0000   1.0000  -1.0000   1.0000  -0.0000   0.0000  -1.0000 
 -0.7500  -0.0000   0.0000  -0.0000   0.7500  -0.7500   0.0000 
 -0.0000  -0.2500   1.0000  -1.0000  -0.7500   0.0000   1.0000 
  0.0000  -0.7500   0.7500  -0.0000   0.0000  -0.0000   0.0000 
23:18:08 18.10.2024:DET = 0 Reverse Matrix not exist
23:18:08 18.10.2024:DET = 0 Reverse Matrix not exist
23:18:08 18.10.2024:DET = 0 Reverse Matrix not exist
23:18:08 18.10.2024:DET = 0 Reverse Matrix not exist
23:18:09 18.10.2024:DET = 0 Reverse Matrix not exist
23:18:09 18.10.2024:DET = 0 Reverse Matrix not exist
23:18:09 18.10.2024:DET = 0 Reverse Matrix not exist
23:18:09 18.10.2024:Sourse 3L matrix
  0.0000   0.0000   1.0000   0.0000   0.0000   0.0000   1.0000 
  0.0000   0.0000   0.0000   1.0000   1.0000   1.0000   1.0000 
  0.0000   1.0000   1.0000   1.0000   0.0000   0.0000   0.0000 
  1.0000   1.0000   1.0000   0.0000   0.0000   1.0000   0.0000 
  0.0000   0.0000   0.0000   1.0000   0.0000   1.0000   0.0000 
  1.0000   0.0000   0.0000   0.0000   0.0000   0.0000   0.0000 
  0.0000   1.0000   0.0000   1.0000   0.2500   1.0000   1.0000 
23:18:09 18.10.2024:Reverse (normal) 3L matrix
  0.0000  -0.0000   0.0000  -0.0000   0.0000  -3.5000   0.0000 
  1.5000   0.5000  -0.7500  -0.7500   2.2500   0.7500  -2.0000 
 -1.5000  -0.5000  -1.0000  -1.0000  -0.5000   1.0000   2.0000 
 -0.0000   0.0000  -1.7500   1.7500  -1.7500  -1.7500  -0.0000 
  2.0000  -4.0000  -1.0000  -1.0000   3.0000   1.0000   2.0000 
 -0.0000   0.0000   1.7500  -1.7500  -1.7500   1.7500  -0.0000 
 -2.0000   0.5000   1.0000   1.0000   0.5000  -1.0000  -2.0000 
23:18:09 18.10.2024:DET = 0 Reverse Matrix not exist
23:18:09 18.10.2024:DET = 0 Reverse Matrix not exist
23:18:09 18.10.2024:DET = 0 Reverse Matrix not exist
23:18:09 18.10.2024:DET = 0 Reverse Matrix not exist
23:18:09 18.10.2024:DET = 0 Reverse Matrix not exist
23:18:09 18.10.2024:DET = 0 Reverse Matrix not exist
23:18:09 18.10.2024:DET = 0 Reverse Matrix not exist
23:18:09 18.10.2024:DET = 0 Reverse Matrix not exist
23:18:09 18.10.2024:DET = 0 Reverse Matrix not exist
23:18:09 18.10.2024:DET = 0 Reverse Matrix not exist
23:18:09 18.10.2024:DET = 0 Reverse Matrix not exist
23:18:09 18.10.2024:
All det = 59 [0.590000] U = 5.406780 ~U = 3.796610 Other = 13.322034

23:18:09 18.10.2024:0000 0000 0319 0000 0096 0000 0000 0224 0000 0000 
23:18:09 18.10.2024:First GF2 matrix
  0.0000   1.0000   0.0000   0.0000   1.0000   0.0000   0.0000 
  0.0000   1.0000   0.0000   0.0000   1.0000   0.0000   0.0000 
  0.0000   1.0000   0.0000   1.0000   1.0000   1.0000   0.0000 
  1.0000   1.0000   1.0000   0.0000   1.0000   0.0000   1.0000 
  0.0000   0.0000   0.0000   1.0000   1.0000   0.0000   1.0000 
  1.0000   1.0000   1.0000   1.0000   0.0000   0.0000   1.0000 
  0.0000   0.0000   0.0000   0.0000   1.0000   0.0000   1.0000 
23:18:09 18.10.2024:Second GF2 matrix
  0.0000   0.0000   0.0000   0.0000   0.0000   1.0000   0.0000 
  0.0000   0.0000   1.0000   0.0000   1.0000   0.0000   0.0000 
  0.0000   1.0000   0.0000   1.0000   1.0000   1.0000   1.0000 
  0.0000   1.0000   0.0000   1.0000   0.0000   0.0000   0.0000 
  1.0000   0.0000   1.0000   1.0000   1.0000   1.0000   1.0000 
  0.0000   0.0000   0.0000   0.0000   1.0000   1.0000   0.0000 
  0.0000   0.0000   1.0000   1.0000   1.0000   0.0000   0.0000 
23:18:10 18.10.2024:Polinom mult
  1.0000   0.0000   1.0000   0.0000   1.0000   0.0000   0.0000 
  1.0000   0.0000   1.0000   0.0000   1.0000   0.0000   0.0000 
  1.0000   0.0000   1.0000   0.0000   1.0000   0.0000   0.0000 
  0.0000   1.0000   0.0000   1.0000   0.0000   1.0000   1.0000 
  0.0000   1.0000   0.0000   1.0000   0.0000   1.0000   1.0000 
  0.0000   1.0000   0.0000   1.0000   0.0000   1.0000   1.0000 
  1.0000   0.0000   1.0000   0.0000   1.0000   0.0000   0.0000 
23:18:10 18.10.2024:Classic mult
  1.0000   0.0000   1.0000   0.0000   1.0000   0.0000   0.0000 
  1.0000   0.0000   1.0000   0.0000   1.0000   0.0000   0.0000 
  1.0000   0.0000   1.0000   0.0000   1.0000   0.0000   0.0000 
  0.0000   1.0000   0.0000   1.0000   0.0000   1.0000   1.0000 
  0.0000   1.0000   0.0000   1.0000   0.0000   1.0000   1.0000 
  0.0000   1.0000   0.0000   1.0000   0.0000   1.0000   1.0000 
  1.0000   0.0000   1.0000   0.0000   1.0000   0.0000   0.0000 
23:18:10 18.10.2024:
U = 5.920000 ~U = 6.080000 Other = 1.000000

23:18:10 18.10.2024:0000 0000 0592 0042 0013 0024 0021 0608 0000 0000 
23:18:14 18.10.2024:Start Matrix
23:18:14 18.10.2024:Success Protect Function
23:18:14 18.10.2024:Ok Test Random
23:18:14 18.10.2024:Success Protect Function
23:18:14 18.10.2024:Ok Test Random
23:18:14 18.10.2024:Sourse 3L matrix
  0.0000   0.0000   1.0000   1.0000   0.0000   1.0000   1.0000 
  1.0000   1.0000   0.0000   0.0000   1.0000   0.0000   1.0000 
  0.0000   1.0000   1.0000   1.0000   1.0000   0.0000   0.0000 
  0.0000   0.0000   1.0000   1.0000   1.0000   0.0000   0.0000 
  0.0000   1.0000   1.0000   1.0000   0.0000   0.0000   0.0000 
  1.0000   0.0000   1.0000   0.0000   0.0000   1.0000   1.0000 
  1.0000   0.0000   0.0000   0.2500   0.0000   1.0000   0.0000 
23:18:14 18.10.2024:Reverse (normal) 3L matrix
  1.2500  -1.0000   3.0000  -2.0000  -2.0000  -0.2500  -1.0000 
 -0.0000   0.0000  -2.2500   2.2500  -0.0000   0.0000  -0.0000 
  1.0000   1.0000  -0.7500  -0.2500  -0.2500  -2.0000   1.0000 
 -1.0000  -1.0000   3.0000  -2.0000  -2.0000   2.0000  -1.0000 
  0.0000  -0.0000  -2.2500  -0.0000   2.2500  -0.0000   0.0000 
 -1.0000   1.2500  -3.7500   2.5000   2.5000  -0.2500  -1.0000 
 -1.2500  -1.2500   1.5000  -0.2500  -0.2500   0.2500   1.0000 
23:18:14 18.10.2024:DET = 0 Reverse Matrix not exist
23:18:14 18.10.2024:DET = 0 Reverse Matrix not exist
23:18:14 18.10.2024:DET = 0 Reverse Matrix not exist
23:18:14 18.10.2024:DET = 0 Reverse Matrix not exist
23:18:15 18.10.2024:Sourse 3L matrix
  1.0000   1.0000   0.0000   0.0000   1.0000   0.0000   1.0000 
  0.0000   1.0000   1.0000   0.0000   1.0000   1.0000   1.0000 
  1.0000   0.0000   0.0000   1.0000   0.0000   1.0000   1.0000 
  1.0000   1.0000   1.0000   0.0000   1.0000   0.0000   0.0000 
  0.0000   0.0000   1.0000   0.0000   0.2500   1.0000   1.0000 
  1.0000   1.0000   1.0000   1.0000   1.0000   0.0000   0.0000 
  0.0000   1.0000   0.0000   0.0000   1.0000   1.0000   1.0000 
23:18:15 18.10.2024:Reverse (normal) 3L matrix
  0.0000   0.2500  -0.2500  -0.5000   0.0000   0.2500   0.0000 
 -0.0000  -2.7500  -0.7500   0.0000   2.0000   0.7500   1.5000 
  0.0000  -0.5000   0.0000  -0.0000   0.0000  -0.0000   0.5000 
 -0.0000   0.0000  -0.0000   0.5000  -0.0000  -0.5000  -0.0000 
  0.0000   3.0000   1.0000  -0.0000  -2.0000  -1.0000  -2.0000 
  0.5000   0.2500  -0.2500  -0.5000  -0.0000   0.2500  -0.5000 
 -0.5000  -0.5000   0.0000   0.5000   0.0000  -0.0000   0.5000 
23:18:15 18.10.2024:DET = 0 Reverse Matrix not exist
23:18:15 18.10.2024:DET = 0 Reverse Matrix not exist
23:18:15 18.10.2024:DET = 0 Reverse Matrix not exist
23:18:15 18.10.2024:DET = 0 Reverse Matrix not exist
23:18:15 18.10.2024:DET = 0 Reverse Matrix not exist
23:18:15 18.10.2024:DET = 0 Reverse Matrix not exist
23:18:15 18.10.2024:Sourse 3L matrix
  0.0000   0.0000   0.0000   1.0000   1.0000   0.0000   0.0000 
  0.0000   1.0000   1.0000   0.0000   1.0000   1.0000   1.0000 
  0.0000   1.0000   1.0000   1.0000   1.0000   1.0000   0.0000 
  0.0000   0.0000   1.0000   0.0000   0.0000   1.0000   1.0000 
  1.0000   1.0000   1.0000   0.2500   1.0000   0.0000   0.0000 
  1.0000   1.0000   1.0000   1.0000   0.0000   1.0000   1.0000 
  1.0000   1.0000   1.0000   0.0000   1.0000   1.0000   1.0000 
23:18:15 18.10.2024:Reverse (normal) 3L matrix
  0.0000   2.0000   0.0000  -0.0000   0.0000  -0.0000  -2.0000 
  1.0000  -2.0000  -0.0000   2.0000  -0.0000  -1.0000   1.0000 
  0.2500  -0.0000   0.0000  -2.0000  -2.0000   0.2500   1.7500 
 -1.0000   0.0000  -0.0000   0.0000  -0.0000  -1.0000   1.0000 
 -1.0000  -0.0000   0.0000  -0.0000   0.0000   1.0000  -1.0000 
  0.7500   2.0000  -2.0000   0.0000   2.0000   0.7500  -2.7500 
 -1.0000  -2.0000   2.0000  -0.0000   0.0000  -1.0000   1.0000 
23:18:15 18.10.2024:DET = 0 Reverse Matrix not exist
23:18:15 18.10.2024:DET = 0 Reverse Matrix not exist
23:18:15 18.10.2024:DET = 0 Reverse Matrix not exist
23:18:15 18.10.2024:DET = 0 Reverse Matrix not exist
23:18:15 18.10.2024:DET = 0 Reverse Matrix not exist
23:18:15 18.10.2024:DET = 0 Reverse Matrix not exist
23:18:15 18.10.2024:DET = 0 Reverse Matrix not exist
23:18:15 18.10.2024:DET = 0 Reverse Matrix not exist
23:18:15 18.10.2024:DET = 0 Reverse Matrix not exist
23:18:15 18.10.2024:Sourse 3L matrix
  1.0000   1.0000   0.0000   0.0000   0.0000   0.0000   1.0000 
  1.0000   1.0000   0.0000   1.0000   1.0000   0.0000   1.0000 
  1.0000   0.0000   1.0000   0.2500   1.0000   0.0000   0.0000 
  0.0000   0.0000   0.0000   1.0000   0.0000   1.0000   0.0000 
  1.0000   0.0000   1.0000   1.0000   0.0000   0.0000   1.0000 
  0.0000   1.0000   1.0000   0.0000   0.0000   0.0000   0.0000 
  1.0000   1.0000   0.0000   1.0000   1.0000   0.0000   0.0000 
23:18:15 18.10.2024:Reverse (normal) 3L matrix
  2.7500  -3.5000   1.0000  -0.0000   0.7500  -1.7500   2.5000 
  0.7500   0.0000  -1.0000   0.0000  -0.7500   1.7500   1.0000 
 -0.7500  -0.0000   1.0000  -0.0000   0.7500   1.7500  -1.0000 
 -2.0000   0.0000  -2.0000   0.0000   2.0000   0.0000   2.0000 
 -1.5000   3.5000   2.0000  -0.0000  -2.0000  -0.0000  -2.0000 
  2.0000   0.0000   2.0000   3.5000  -2.0000   0.0000  -2.0000 
  0.0000   3.5000   0.0000  -0.0000   0.0000  -0.0000  -3.5000 
23:18:15 18.10.2024:DET = 0 Reverse Matrix not exist
23:18:15 18.10.2024:DET = 0 Reverse Matrix not exist
23:18:15 18.10.2024:DET = 0 Reverse Matrix not exist
23:18:15 18.10.2024:DET = 0 Reverse Matrix not exist
23:18:15 18.10.2024:DET = 0 Reverse Matrix not exist
23:18:15 18.10.2024:DET = 0 Reverse Matrix not exist
23:18:15 18.10.2024:DET = 0 Reverse Matrix not exist
23:18:16 18.10.2024:DET = 0 Reverse Matrix not exist
23:18:16 18.10.2024:DET = 0 Reverse Matrix not exist
23:18:16 18.10.2024:DET = 0 Reverse Matrix not exist
23:18:16 18.10.2024:DET = 0 Reverse Matrix not exist
23:18:16 18.10.2024:Sourse 3L matrix
  0.0000   0.0000   0.0000   1.0000   1.0000   0.0000   1.0000 
  1.0000   1.0000   1.0000   0.0000   1.0000   1.0000   0.0000 
  0.0000   1.0000   0.0000   0.0000   1.0000   1.0000   1.0000 
  1.0000   0.0000   1.0000   1.0000   0.0000   1.0000   0.0000 
  1.0000   1.0000   0.2500   1.0000   1.0000   0.0000   1.0000 
  0.0000   0.0000   1.0000   0.0000   1.0000   0.0000   1.0000 
  0.0000   1.0000   1.0000   1.0000   0.0000   1.0000   0.0000 
23:18:16 18.10.2024:Reverse (normal) 3L matrix
 -2.7500  -0.0000   0.2500   3.0000   3.0000  -0.5000  -3.2500 
 -2.7500   0.0000   0.2500  -3.0000   3.0000  -0.5000   2.7500 
 -2.0000  -0.0000  -2.0000  -0.0000   0.0000   4.0000   2.0000 
  4.0000   0.0000  -2.0000   0.0000  -0.0000  -2.0000   2.0000 
  6.7500   6.0000  -2.2500  -3.0000  -3.0000  -1.5000  -0.7500 
  0.7500   0.0000   3.7500   3.0000  -3.0000  -1.5000  -0.7500 
 -4.7500  -6.0000   4.2500   3.0000   3.0000   3.5000  -1.2500 
23:18:16 18.10.2024:DET = 0 Reverse Matrix not exist
23:18:16 18.10.2024:DET = 0 Reverse Matrix not exist
23:18:16 18.10.2024:DET = 0 Reverse Matrix not exist
23:18:16 18.10.2024:DET = 0 Reverse Matrix not exist
23:18:16 18.10.2024:DET = 0 Reverse Matrix not exist
23:18:16 18.10.2024:
All det = 65 [0.650000] U = 5.246154 ~U = 4.707692 Other = 13.338462

23:18:16 18.10.2024:0000 0000 0341 0000 0119 0000 0000 0306 0000 0000 
23:18:16 18.10.2024:First GF2 matrix
  0.0000   1.0000   1.0000   1.0000   1.0000   0.0000   1.0000 
  0.0000   1.0000   0.0000   1.0000   0.0000   1.0000   0.0000 
  0.0000   1.0000   1.0000   0.0000   1.0000   0.0000   1.0000 
  1.0000   0.0000   0.0000   0.0000   0.0000   1.0000   0.0000 
  1.0000   1.0000   0.0000   0.0000   1.0000   1.0000   0.0000 
  1.0000   0.0000   1.0000   1.0000   1.0000   0.0000   0.0000 
  0.0000   1.0000   1.0000   1.0000   0.0000   0.0000   0.0000 
23:18:16 18.10.2024:Second GF2 matrix
  1.0000   0.0000   0.0000   1.0000   1.0000   0.0000   1.0000 
  1.0000   0.0000   0.0000   1.0000   1.0000   1.0000   0.0000 
  1.0000   1.0000   0.0000   1.0000   0.0000   1.0000   0.0000 
  1.0000   0.0000   0.0000   0.0000   0.0000   1.0000   1.0000 
  1.0000   1.0000   0.0000   0.0000   0.0000   1.0000   0.0000 
  1.0000   0.0000   0.0000   0.0000   0.0000   0.0000   0.0000 
  0.0000   1.0000   0.0000   0.0000   1.0000   1.0000   0.0000 
23:18:23 18.10.2024:Polinom mult
  1.0000   0.0000   1.0000   0.0000   0.0000   0.0000   1.0000 
  1.0000   0.0000   1.0000   0.0000   0.0000   0.0000   1.0000 
  0.0000   1.0000   0.0000   1.0000   1.0000   1.0000   0.0000 
  0.0000   1.0000   0.0000   1.0000   1.0000   1.0000   0.0000 
  0.0000   1.0000   0.0000   1.0000   1.0000   1.0000   0.0000 
  0.0000   1.0000   0.0000   1.0000   1.0000   1.0000   0.0000 
  1.0000   0.0000   1.0000   0.0000   0.0000   0.0000   1.0000 
23:18:23 18.10.2024:Classic mult
  1.0000   0.0000   1.0000   0.0000   0.0000   0.0000   1.0000 
  1.0000   0.0000   1.0000   0.0000   0.0000   0.0000   1.0000 
  0.0000   1.0000   0.0000   1.0000   1.0000   1.0000   0.0000 
  0.0000   1.0000   0.0000   1.0000   1.0000   1.0000   0.0000 
  0.0000   1.0000   0.0000   1.0000   1.0000   1.0000   0.0000 
  0.0000   1.0000   0.0000   1.0000   1.0000   1.0000   0.0000 
  1.0000   0.0000   1.0000   0.0000   0.0000   0.0000   1.0000 
23:18:24 18.10.2024:
U = 6.250000 ~U = 5.750000 Other = 1.000000

23:18:24 18.10.2024:0000 0000 0625 0043 0010 0025 0022 0575 0000 0000 
23:18:56 18.10.2024:Start Matrix
23:18:56 18.10.2024:Success Protect Function
23:18:56 18.10.2024:Ok Test Random
23:18:56 18.10.2024:Success Protect Function
23:18:56 18.10.2024:Ok Test Random
23:18:56 18.10.2024:Sourse 3L matrix
  0.0000   1.0000   1.0000   0.0000   0.0000   0.0000   1.0000   0.0000   0.0000 
  0.0000   1.0000   1.0000   0.0000   1.0000   0.0000   0.0000   1.0000   0.0000 
  1.0000   1.0000   1.0000   0.0000   1.0000   0.0000   0.0000   1.0000   1.0000 
  1.0000   0.0000   0.0000   0.0000   1.0000   1.0000   1.0000   1.0000   0.0000 
  1.0000   0.0000   0.0000   0.0000   0.0000   0.0000   0.0000   0.0000   0.0000 
  0.0000   1.0000   0.0000   0.0000   1.0000   1.0000   0.2500   1.0000   0.0000 
  0.0000   1.0000   1.0000   0.0000   1.0000   1.0000   1.0000   1.0000   1.0000 
  1.0000   0.0000   0.0000   0.0000   0.0000   1.0000   1.0000   1.0000   0.0000 
  1.0000   1.0000   1.0000   0.0000   1.0000   1.0000   0.0000   0.0000   1.0000 
23:18:57 18.10.2024:DET = 0 Reverse Matrix not exist
23:19:07 18.10.2024:DET = 0 Reverse Matrix not exist
23:19:08 18.10.2024:DET = 0 Reverse Matrix not exist
23:22:14 18.10.2024:Start Matrix
23:22:14 18.10.2024:Success Protect Function
23:22:14 18.10.2024:Ok Test Random
23:22:14 18.10.2024:Success Protect Function
23:22:14 18.10.2024:Ok Test Random
23:22:14 18.10.2024:Sourse 3L matrix
  0.0000   0.0000   1.0000 
  0.2500   1.0000   1.0000 
  1.0000   1.0000   0.0000 
23:22:14 18.10.2024:Reverse (normal) 3L matrix
 -1.0000   1.0000  -1.0000 
  1.0000  -1.0000   0.2500 
 -0.7500  -0.0000   0.0000 
23:22:14 18.10.2024:DET = 0 Reverse Matrix not exist
23:22:14 18.10.2024:DET = 0 Reverse Matrix not exist
23:22:14 18.10.2024:DET = 0 Reverse Matrix not exist
23:22:14 18.10.2024:DET = 0 Reverse Matrix not exist
23:22:14 18.10.2024:DET = 0 Reverse Matrix not exist
23:22:14 18.10.2024:DET = 0 Reverse Matrix not exist
23:22:14 18.10.2024:DET = 0 Reverse Matrix not exist
23:22:14 18.10.2024:Sourse 3L matrix
  0.0000   0.0000   1.0000 
  0.0000   0.0000   0.0000 
  1.0000   0.2500   0.0000 
23:22:14 18.10.2024:DET = 0 Reverse Matrix not exist
23:22:14 18.10.2024:DET = 0 Reverse Matrix not exist
23:22:14 18.10.2024:DET = 0 Reverse Matrix not exist
23:22:14 18.10.2024:DET = 0 Reverse Matrix not exist
23:22:14 18.10.2024:DET = 0 Reverse Matrix not exist
23:22:14 18.10.2024:DET = 0 Reverse Matrix not exist
23:22:14 18.10.2024:DET = 0 Reverse Matrix not exist
23:22:14 18.10.2024:DET = 0 Reverse Matrix not exist
23:22:14 18.10.2024:Sourse 3L matrix
  0.0000   0.0000   0.0000 
  0.0000   1.0000   1.0000 
  1.0000   0.0000   0.2500 
23:22:14 18.10.2024:DET = 0 Reverse Matrix not exist
23:22:14 18.10.2024:DET = 0 Reverse Matrix not exist
23:22:14 18.10.2024:DET = 0 Reverse Matrix not exist
23:22:14 18.10.2024:DET = 0 Reverse Matrix not exist
23:22:14 18.10.2024:DET = 0 Reverse Matrix not exist
23:22:14 18.10.2024:DET = 0 Reverse Matrix not exist
23:22:14 18.10.2024:DET = 0 Reverse Matrix not exist
23:22:14 18.10.2024:DET = 0 Reverse Matrix not exist
23:22:14 18.10.2024:DET = 0 Reverse Matrix not exist
23:22:14 18.10.2024:DET = 0 Reverse Matrix not exist
23:22:14 18.10.2024:DET = 0 Reverse Matrix not exist
23:22:14 18.10.2024:DET = 0 Reverse Matrix not exist
23:22:14 18.10.2024:DET = 0 Reverse Matrix not exist
23:22:14 18.10.2024:Sourse 3L matrix
  0.0000   1.0000   0.0000 
  0.0000   0.2500   0.0000 
  1.0000   1.0000   0.0000 
23:22:14 18.10.2024:DET = 0 Reverse Matrix not exist
23:22:14 18.10.2024:DET = 0 Reverse Matrix not exist
23:22:14 18.10.2024:DET = 0 Reverse Matrix not exist
23:22:14 18.10.2024:DET = 0 Reverse Matrix not exist
23:22:14 18.10.2024:DET = 0 Reverse Matrix not exist
23:22:14 18.10.2024:DET = 0 Reverse Matrix not exist
23:22:14 18.10.2024:DET = 0 Reverse Matrix not exist
23:22:14 18.10.2024:DET = 0 Reverse Matrix not exist
23:22:14 18.10.2024:DET = 0 Reverse Matrix not exist
23:22:14 18.10.2024:DET = 0 Reverse Matrix not exist
23:22:14 18.10.2024:Sourse 3L matrix
  1.0000   0.0000   1.0000 
  0.0000   1.0000   0.2500 
  0.0000   0.0000   0.0000 
23:22:14 18.10.2024:DET = 0 Reverse Matrix not exist
23:22:14 18.10.2024:DET = 0 Reverse Matrix not exist
23:22:14 18.10.2024:DET = 0 Reverse Matrix not exist
23:22:14 18.10.2024:DET = 0 Reverse Matrix not exist
23:22:14 18.10.2024:DET = 0 Reverse Matrix not exist
23:22:14 18.10.2024:DET = 0 Reverse Matrix not exist
23:22:14 18.10.2024:DET = 0 Reverse Matrix not exist
23:22:14 18.10.2024:DET = 0 Reverse Matrix not exist
23:22:14 18.10.2024:DET = 0 Reverse Matrix not exist
23:22:14 18.10.2024:DET = 0 Reverse Matrix not exist
23:22:14 18.10.2024:
All det = 52 [0.520000] U = 1.903846 ~U = 0.634615 Other = 0.000000

23:22:14 18.10.2024:0000 0000 0099 0000 0000 0000 0000 0033 0000 0000 
23:22:14 18.10.2024:First GF2 matrix
  1.0000   0.0000   1.0000 
  1.0000   1.0000   0.0000 
  0.0000   1.0000   0.0000 
23:22:14 18.10.2024:Second GF2 matrix
  0.0000   1.0000   1.0000 
  0.0000   0.0000   0.0000 
  0.0000   0.0000   1.0000 
23:22:16 18.10.2024:Polinom mult
  0.0000   1.0000   0.0000 
  0.0000   1.0000   0.0000 
  1.0000   0.0000   1.0000 
23:22:16 18.10.2024:Classic mult
  0.0000   1.0000   0.0000 
  0.0000   1.0000   0.0000 
  1.0000   0.0000   1.0000 
23:22:17 18.10.2024:
U = 1.920000 ~U = 2.080000 Other = 1.000000

23:22:17 18.10.2024:0000 0000 0192 0046 0006 0030 0018 0208 0000 0000 
23:22:23 18.10.2024:Start Matrix
23:22:23 18.10.2024:Success Protect Function
23:22:23 18.10.2024:Ok Test Random
23:22:23 18.10.2024:Success Protect Function
23:22:23 18.10.2024:Ok Test Random
23:22:23 18.10.2024:Sourse 3L matrix
  1.0000   1.0000   0.0000 
  0.0000   0.0000   0.2500 
  0.0000   0.0000   0.0000 
23:22:23 18.10.2024:DET = 0 Reverse Matrix not exist
23:22:23 18.10.2024:DET = 0 Reverse Matrix not exist
23:22:23 18.10.2024:DET = 0 Reverse Matrix not exist
23:22:23 18.10.2024:DET = 0 Reverse Matrix not exist
23:22:23 18.10.2024:DET = 0 Reverse Matrix not exist
23:22:23 18.10.2024:DET = 0 Reverse Matrix not exist
23:22:23 18.10.2024:DET = 0 Reverse Matrix not exist
23:22:23 18.10.2024:DET = 0 Reverse Matrix not exist
23:22:23 18.10.2024:DET = 0 Reverse Matrix not exist
23:22:23 18.10.2024:DET = 0 Reverse Matrix not exist
23:22:23 18.10.2024:DET = 0 Reverse Matrix not exist
23:22:23 18.10.2024:Sourse 3L matrix
  1.0000   1.0000   1.0000 
  1.0000   0.2500   0.0000 
  1.0000   0.0000   0.0000 
23:22:23 18.10.2024:Reverse (normal) 3L matrix
  0.0000  -0.0000  -0.2500 
 -0.0000  -1.0000   1.0000 
 -0.2500   1.0000  -0.7500 
23:22:23 18.10.2024:DET = 0 Reverse Matrix not exist
23:22:23 18.10.2024:DET = 0 Reverse Matrix not exist
23:22:23 18.10.2024:DET = 0 Reverse Matrix not exist
23:22:23 18.10.2024:DET = 0 Reverse Matrix not exist
23:22:23 18.10.2024:DET = 0 Reverse Matrix not exist
23:22:23 18.10.2024:DET = 0 Reverse Matrix not exist
23:22:23 18.10.2024:DET = 0 Reverse Matrix not exist
23:22:23 18.10.2024:Sourse 3L matrix
  1.0000   0.2500   1.0000 
  0.0000   1.0000   1.0000 
  1.0000   0.0000   1.0000 
23:22:23 18.10.2024:Reverse (normal) 3L matrix
  1.0000  -0.2500  -0.7500 
  1.0000   0.0000  -1.0000 
 -1.0000   0.2500   1.0000 
23:22:23 18.10.2024:DET = 0 Reverse Matrix not exist
23:22:23 18.10.2024:DET = 0 Reverse Matrix not exist
23:22:23 18.10.2024:DET = 0 Reverse Matrix not exist
23:22:23 18.10.2024:DET = 0 Reverse Matrix not exist
23:22:23 18.10.2024:DET = 0 Reverse Matrix not exist
23:22:23 18.10.2024:DET = 0 Reverse Matrix not exist
23:22:23 18.10.2024:Sourse 3L matrix
  0.0000   1.0000   0.0000 
  0.0000   1.0000   1.0000 
  0.2500   0.0000   1.0000 
23:22:23 18.10.2024:Reverse (normal) 3L matrix
  1.0000  -1.0000   1.0000 
  0.2500   0.0000  -0.0000 
 -0.2500   0.2500   0.0000 
23:22:23 18.10.2024:DET = 0 Reverse Matrix not exist
23:22:23 18.10.2024:DET = 0 Reverse Matrix not exist
23:22:23 18.10.2024:DET = 0 Reverse Matrix not exist
23:22:23 18.10.2024:DET = 0 Reverse Matrix not exist
23:22:23 18.10.2024:DET = 0 Reverse Matrix not exist
23:22:23 18.10.2024:DET = 0 Reverse Matrix not exist
23:22:23 18.10.2024:DET = 0 Reverse Matrix not exist
23:22:23 18.10.2024:DET = 0 Reverse Matrix not exist
23:22:23 18.10.2024:DET = 0 Reverse Matrix not exist
23:22:23 18.10.2024:Sourse 3L matrix
  1.0000   0.0000   0.0000 
  1.0000   0.0000   0.0000 
  0.2500   0.0000   1.0000 
23:22:23 18.10.2024:DET = 0 Reverse Matrix not exist
23:22:23 18.10.2024:DET = 0 Reverse Matrix not exist
23:22:23 18.10.2024:DET = 0 Reverse Matrix not exist
23:22:23 18.10.2024:DET = 0 Reverse Matrix not exist
23:22:23 18.10.2024:DET = 0 Reverse Matrix not exist
23:22:23 18.10.2024:DET = 0 Reverse Matrix not exist
23:22:23 18.10.2024:DET = 0 Reverse Matrix not exist
23:22:23 18.10.2024:DET = 0 Reverse Matrix not exist
23:22:23 18.10.2024:DET = 0 Reverse Matrix not exist
23:22:23 18.10.2024:DET = 0 Reverse Matrix not exist
23:22:23 18.10.2024:DET = 0 Reverse Matrix not exist
23:22:23 18.10.2024:DET = 0 Reverse Matrix not exist
23:22:23 18.10.2024:
All det = 55 [0.550000] U = 1.836364 ~U = 0.527273 Other = 0.000000

23:22:23 18.10.2024:0000 0000 0101 0000 0000 0000 0000 0029 0000 0000 
23:22:23 18.10.2024:First GF2 matrix
  0.0000   0.0000   1.0000 
  1.0000   1.0000   1.0000 
  1.0000   0.0000   1.0000 
23:22:23 18.10.2024:Second GF2 matrix
  1.0000   1.0000   1.0000 
  0.0000   1.0000   0.0000 
  1.0000   1.0000   1.0000 
23:22:24 18.10.2024:Polinom mult
  1.0000   0.0000   1.0000 
  1.0000   0.0000   1.0000 
  0.0000   1.0000   0.0000 
23:22:24 18.10.2024:Classic mult
  1.0000   0.0000   1.0000 
  1.0000   0.0000   1.0000 
  0.0000   1.0000   0.0000 
23:22:25 18.10.2024:
U = 1.820000 ~U = 2.180000 Other = 1.000000

23:22:25 18.10.2024:0000 0000 0182 0047 0008 0021 0024 0218 0000 0000 
23:22:37 18.10.2024:Start Matrix
23:22:37 18.10.2024:Success Protect Function
23:22:37 18.10.2024:Ok Test Random
23:22:37 18.10.2024:Success Protect Function
23:22:37 18.10.2024:Ok Test Random
23:22:37 18.10.2024:Sourse 3L matrix
  1.0000   0.2500   0.0000 
  0.0000   0.0000   0.0000 
  0.0000   0.0000   0.0000 
23:22:37 18.10.2024:DET = 0 Reverse Matrix not exist
23:22:37 18.10.2024:DET = 0 Reverse Matrix not exist
23:22:37 18.10.2024:DET = 0 Reverse Matrix not exist
23:22:37 18.10.2024:DET = 0 Reverse Matrix not exist
23:22:37 18.10.2024:DET = 0 Reverse Matrix not exist
23:22:37 18.10.2024:DET = 0 Reverse Matrix not exist
23:22:37 18.10.2024:DET = 0 Reverse Matrix not exist
23:22:37 18.10.2024:DET = 0 Reverse Matrix not exist
23:22:37 18.10.2024:DET = 0 Reverse Matrix not exist
23:22:37 18.10.2024:DET = 0 Reverse Matrix not exist
23:22:37 18.10.2024:Sourse 3L matrix
  0.0000   0.0000   1.0000 
  0.2500   1.0000   1.0000 
  1.0000   1.0000   1.0000 
23:22:37 18.10.2024:Reverse (normal) 3L matrix
  0.0000   1.0000  -1.0000 
  0.7500  -1.0000   0.2500 
 -0.7500  -0.0000   0.0000 
23:22:37 18.10.2024:DET = 0 Reverse Matrix not exist
23:22:37 18.10.2024:DET = 0 Reverse Matrix not exist
23:22:37 18.10.2024:DET = 0 Reverse Matrix not exist
23:22:37 18.10.2024:DET = 0 Reverse Matrix not exist
23:22:37 18.10.2024:DET = 0 Reverse Matrix not exist
23:22:37 18.10.2024:DET = 0 Reverse Matrix not exist
23:22:37 18.10.2024:DET = 0 Reverse Matrix not exist
23:22:37 18.10.2024:DET = 0 Reverse Matrix not exist
23:22:37 18.10.2024:Sourse 3L matrix
  1.0000   0.0000   0.0000 
  1.0000   0.2500   1.0000 
  1.0000   0.0000   0.0000 
23:22:37 18.10.2024:DET = 0 Reverse Matrix not exist
23:22:37 18.10.2024:DET = 0 Reverse Matrix not exist
23:22:37 18.10.2024:DET = 0 Reverse Matrix not exist
23:22:37 18.10.2024:DET = 0 Reverse Matrix not exist
23:22:37 18.10.2024:DET = 0 Reverse Matrix not exist
23:22:37 18.10.2024:DET = 0 Reverse Matrix not exist
23:22:37 18.10.2024:DET = 0 Reverse Matrix not exist
23:22:37 18.10.2024:DET = 0 Reverse Matrix not exist
23:22:37 18.10.2024:DET = 0 Reverse Matrix not exist
23:22:37 18.10.2024:DET = 0 Reverse Matrix not exist
23:22:37 18.10.2024:DET = 0 Reverse Matrix not exist
23:22:37 18.10.2024:Sourse 3L matrix
  0.0000   0.0000   1.0000 
  1.0000   0.0000   0.0000 
  0.0000   0.2500   0.0000 
23:22:37 18.10.2024:Reverse (normal) 3L matrix
  0.0000   0.2500   0.0000 
 -0.0000   0.0000   1.0000 
  0.2500  -0.0000   0.0000 
23:22:37 18.10.2024:DET = 0 Reverse Matrix not exist
23:22:37 18.10.2024:DET = 0 Reverse Matrix not exist
23:22:37 18.10.2024:DET = 0 Reverse Matrix not exist
23:22:37 18.10.2024:DET = 0 Reverse Matrix not exist
23:22:37 18.10.2024:DET = 0 Reverse Matrix not exist
23:22:37 18.10.2024:Sourse 3L matrix
  1.0000   1.0000   0.2500 
  1.0000   1.0000   0.0000 
  0.0000   0.0000   1.0000 
23:22:37 18.10.2024:DET = 0 Reverse Matrix not exist
23:22:37 18.10.2024:DET = 0 Reverse Matrix not exist
23:22:37 18.10.2024:DET = 0 Reverse Matrix not exist
23:22:37 18.10.2024:DET = 0 Reverse Matrix not exist
23:22:37 18.10.2024:DET = 0 Reverse Matrix not exist
23:22:37 18.10.2024:DET = 0 Reverse Matrix not exist
23:22:37 18.10.2024:DET = 0 Reverse Matrix not exist
23:22:37 18.10.2024:DET = 0 Reverse Matrix not exist
23:22:37 18.10.2024:DET = 0 Reverse Matrix not exist
23:22:37 18.10.2024:DET = 0 Reverse Matrix not exist
23:22:37 18.10.2024:DET = 0 Reverse Matrix not exist
23:22:37 18.10.2024:DET = 0 Reverse Matrix not exist
23:22:37 18.10.2024:
All det = 54 [0.540000] U = 1.611111 ~U = 0.629630 Other = 0.000000

23:22:37 18.10.2024:0000 0000 0087 0000 0000 0000 0000 0034 0000 0000 
23:22:37 18.10.2024:First GF2 matrix
  0.0000   0.0000   1.0000 
  1.0000   1.0000   1.0000 
  1.0000   0.0000   1.0000 
23:22:37 18.10.2024:Second GF2 matrix
  0.0000   1.0000   1.0000 
  1.0000   1.0000   0.0000 
  0.0000   1.0000   1.0000 
23:22:38 18.10.2024:Polinom mult
  0.0000   0.0000   1.0000 
  0.0000   0.0000   1.0000 
  1.0000   1.0000   0.0000 
23:22:38 18.10.2024:Classic mult
  0.0000   0.0000   1.0000 
  0.0000   0.0000   1.0000 
  1.0000   1.0000   0.0000 
23:22:39 18.10.2024:
U = 1.770000 ~U = 2.230000 Other = 1.000000

23:22:39 18.10.2024:0000 0000 0177 0039 0009 0028 0024 0223 0000 0000 
23:23:08 18.10.2024:Start Matrix
23:23:08 18.10.2024:Success Protect Function
23:23:08 18.10.2024:Ok Test Random
23:23:08 18.10.2024:Success Protect Function
23:23:08 18.10.2024:Ok Test Random
23:23:08 18.10.2024:Sourse 3L matrix
  0.0000   1.0000   1.0000   1.0000   1.0000   0.0000   1.0000   0.0000 
  1.0000   0.0000   1.0000   1.0000   1.0000   0.0000   0.0000   1.0000 
  1.0000   0.0000   1.0000   0.0000   1.0000   0.0000   1.0000   0.0000 
  1.0000   1.0000   1.0000   0.0000   0.0000   1.0000   0.0000   0.0000 
  1.0000   1.0000   1.0000   0.0000   0.0000   0.0000   0.0000   0.0000 
  0.0000   0.0000   0.0000   1.0000   0.0000   0.0000   1.0000   0.0000 
  1.0000   1.0000   1.0000   1.0000   1.0000   1.0000   1.0000   0.0000 
  0.0000   0.0000   1.0000   1.0000   0.0000   1.0000   0.2500   1.0000 
23:23:08 18.10.2024:Reverse (normal) 3L matrix
  0.2500  -0.0000   0.0000   0.2500  -0.2500  -0.0000  -0.2500  -0.0000 
  1.0000   1.0000   0.2500   3.2500  -2.2500   1.2500  -2.2500  -1.0000 
 -1.2500  -1.0000  -0.2500  -3.5000   2.2500  -1.2500   2.5000   1.0000 
 -1.0000  -1.0000  -0.0000  -3.0000   2.0000  -1.2500   2.0000   1.0000 
  0.0000  -0.0000   0.0000   0.2500   0.0000   0.2500  -0.2500  -0.0000 
 -0.0000   0.0000  -0.0000  -0.2500   0.2500   0.0000  -0.0000   0.0000 
  1.0000   1.0000   0.0000   3.0000  -2.0000   1.0000  -2.0000  -1.0000 
  2.0000   1.7500   0.2500   6.0000  -4.0000   2.2500  -4.0000  -2.0000 
23:23:08 18.10.2024:DET = 0 Reverse Matrix not exist
23:23:10 18.10.2024:DET = 0 Reverse Matrix not exist
23:23:10 18.10.2024:DET = 0 Reverse Matrix not exist
23:23:10 18.10.2024:DET = 0 Reverse Matrix not exist
23:23:10 18.10.2024:Sourse 3L matrix
  0.0000   0.0000   1.0000   1.0000   0.0000   1.0000   0.2500   0.0000 
  1.0000   1.0000   0.0000   1.0000   1.0000   1.0000   1.0000   0.0000 
  0.0000   0.0000   1.0000   0.0000   0.0000   1.0000   0.0000   1.0000 
  0.0000   1.0000   0.0000   0.0000   0.0000   0.0000   1.0000   0.0000 
  0.0000   1.0000   0.0000   0.0000   0.0000   0.0000   0.0000   1.0000 
  1.0000   0.0000   0.0000   0.0000   0.0000   0.0000   0.0000   0.0000 
  0.0000   0.0000   1.0000   1.0000   1.0000   0.0000   1.0000   1.0000 
  1.0000   0.0000   0.0000   0.0000   1.0000   1.0000   0.0000   1.0000 
23:23:11 18.10.2024:Reverse (normal) 3L matrix
  0.0000  -0.0000   0.0000  -0.0000   0.0000  -0.5000   0.0000  -0.0000 
  2.0000  -2.0000  -2.0000   1.5000  -0.0000   0.0000  -0.0000   2.0000 
  3.0000  -2.7500  -3.2500   2.2500   0.5000  -0.2500  -0.2500   3.0000 
 -2.0000   1.5000   2.0000  -1.0000  -0.5000   0.0000  -0.0000  -1.5000 
  3.0000  -2.7500  -2.7500   2.2500   0.5000   0.2500  -0.2500   2.5000 
 -1.0000   0.7500   0.7500  -0.7500  -0.0000   0.2500   0.2500  -1.0000 
 -2.0000   2.0000   2.0000  -2.0000   0.0000  -0.0000   0.0000  -2.0000 
 -2.0000   2.0000   2.0000  -1.5000  -0.5000   0.0000  -0.0000  -2.0000 
23:23:11 18.10.2024:DET = 0 Reverse Matrix not exist
23:23:12 18.10.2024:DET = 0 Reverse Matrix not exist
23:23:12 18.10.2024:DET = 0 Reverse Matrix not exist
23:23:12 18.10.2024:DET = 0 Reverse Matrix not exist
23:23:12 18.10.2024:DET = 0 Reverse Matrix not exist
23:23:12 18.10.2024:DET = 0 Reverse Matrix not exist
23:23:13 18.10.2024:DET = 0 Reverse Matrix not exist
23:23:13 18.10.2024:DET = 0 Reverse Matrix not exist
23:23:13 18.10.2024:DET = 0 Reverse Matrix not exist
23:23:13 18.10.2024:Sourse 3L matrix
  1.0000   1.0000   0.0000   1.0000   0.0000   0.0000   1.0000   0.0000 
  0.0000   1.0000   1.0000   0.0000   0.0000   0.0000   0.0000   1.0000 
  0.0000   1.0000   1.0000   1.0000   0.0000   1.0000   0.0000   0.0000 
  1.0000   1.0000   0.0000   0.0000   0.0000   1.0000   1.0000   1.0000 
  1.0000   1.0000   1.0000   0.0000   1.0000   1.0000   0.0000   1.0000 
  0.2500   0.0000   1.0000   0.0000   1.0000   0.0000   0.0000   0.0000 
  0.0000   0.0000   1.0000   1.0000   1.0000   1.0000   0.0000   0.0000 
  1.0000   1.0000   0.0000   0.0000   0.0000   0.0000   1.0000   1.0000 
23:23:13 18.10.2024:DET = 0 Reverse Matrix not exist
23:23:13 18.10.2024:DET = 0 Reverse Matrix not exist
23:23:13 18.10.2024:DET = 0 Reverse Matrix not exist
23:23:13 18.10.2024:DET = 0 Reverse Matrix not exist
23:23:14 18.10.2024:DET = 0 Reverse Matrix not exist
23:23:14 18.10.2024:DET = 0 Reverse Matrix not exist
23:23:15 18.10.2024:Sourse 3L matrix
  0.2500   0.0000   0.0000   1.0000   0.0000   1.0000   1.0000   0.0000 
  0.0000   1.0000   0.0000   1.0000   0.0000   1.0000   1.0000   1.0000 
  1.0000   0.0000   1.0000   0.0000   1.0000   1.0000   0.0000   0.0000 
  0.0000   1.0000   0.0000   1.0000   1.0000   0.0000   0.0000   0.0000 
  0.0000   1.0000   1.0000   0.0000   1.0000   1.0000   0.0000   0.0000 
  0.0000   0.0000   1.0000   0.0000   1.0000   1.0000   0.0000   1.0000 
  1.0000   0.0000   1.0000   0.0000   0.0000   1.0000   1.0000   0.0000 
  1.0000   0.0000   0.0000   1.0000   0.0000   0.0000   0.0000   1.0000 
23:23:15 18.10.2024:Reverse (normal) 3L matrix
  1.0000  -1.0000  -2.0000  -0.0000   1.0000   1.0000   0.0000  -0.0000 
  1.0000  -1.0000  -0.2500   0.0000  -0.7500   1.0000  -0.0000   0.0000 
 -1.0000   2.7500   3.7500  -0.0000  -2.7500  -1.0000  -1.7500  -1.7500 
 -2.0000   2.0000   2.2500   0.0000  -2.0000  -0.2500  -0.0000  -1.7500 
  1.0000  -1.0000  -2.0000  -1.7500   2.7500  -0.7500   0.0000   1.7500 
 -1.0000  -0.7500  -1.5000   1.7500  -1.0000   0.7500   1.7500   0.0000 
  1.0000  -1.0000  -0.2500  -1.7500   2.7500  -0.7500  -1.7500   1.7500 
  1.0000  -1.0000  -0.2500   0.0000   1.0000  -0.7500  -0.0000   0.0000 
23:23:16 18.10.2024:DET = 0 Reverse Matrix not exist
23:23:16 18.10.2024:DET = 0 Reverse Matrix not exist
23:23:16 18.10.2024:DET = 0 Reverse Matrix not exist
23:23:16 18.10.2024:DET = 0 Reverse Matrix not exist
23:23:16 18.10.2024:DET = 0 Reverse Matrix not exist
23:23:17 18.10.2024:DET = 0 Reverse Matrix not exist
23:23:17 18.10.2024:DET = 0 Reverse Matrix not exist
23:23:17 18.10.2024:DET = 0 Reverse Matrix not exist
23:23:17 18.10.2024:DET = 0 Reverse Matrix not exist
23:23:18 18.10.2024:Sourse 3L matrix
  0.0000   1.0000   0.0000   0.0000   0.0000   0.0000   0.2500   0.0000 
  0.0000   1.0000   0.0000   0.0000   1.0000   0.0000   1.0000   1.0000 
  0.0000   1.0000   0.0000   1.0000   0.0000   0.0000   1.0000   0.0000 
  1.0000   0.0000   1.0000   1.0000   1.0000   0.0000   1.0000   1.0000 
  1.0000   1.0000   0.0000   0.0000   0.0000   0.0000   0.0000   0.0000 
  1.0000   1.0000   0.0000   1.0000   0.0000   1.0000   1.0000   1.0000 
  0.0000   1.0000   0.0000   0.0000   1.0000   1.0000   0.0000   0.0000 
  1.0000   1.0000   1.0000   0.0000   1.0000   1.0000   0.0000   0.0000 
23:23:18 18.10.2024:Reverse (normal) 3L matrix
  2.0000  -0.5000  -0.5000   0.5000  -1.0000  -0.0000   0.5000  -0.5000 
 -2.0000   0.5000   0.5000  -0.5000  -0.0000   0.0000  -0.5000   0.5000 
 -2.0000   0.5000   0.5000  -0.5000   1.0000  -0.0000   0.5000  -0.5000 
 -2.0000   1.5000   0.5000  -1.5000  -0.0000   0.0000  -1.5000   1.5000 
  1.0000  -0.2500  -0.2500  -0.2500  -0.5000   0.5000  -0.7500   0.2500 
  1.0000  -0.2500  -0.2500   0.7500   0.5000  -0.5000   0.2500  -0.7500 
  4.0000  -2.0000  -2.0000   2.0000   0.0000  -0.0000   2.0000  -2.0000 
 -3.0000   0.7500   1.7500  -1.2500   0.5000  -0.5000  -0.7500   1.2500 
23:23:18 18.10.2024:DET = 0 Reverse Matrix not exist
23:23:19 18.10.2024:DET = 0 Reverse Matrix not exist
23:23:19 18.10.2024:DET = 0 Reverse Matrix not exist
23:23:19 18.10.2024:DET = 0 Reverse Matrix not exist
23:23:19 18.10.2024:DET = 0 Reverse Matrix not exist
23:23:20 18.10.2024:
All det = 67 [0.670000] U = 4.656716 ~U = 4.791045 Other = 27.701493

23:23:20 18.10.2024:0000 0000 0312 0000 0218 0000 0000 0321 0000 0000 
23:23:20 18.10.2024:First GF2 matrix
  0.0000   0.0000   0.0000   0.0000   0.0000   1.0000   1.0000   1.0000 
  1.0000   1.0000   0.0000   0.0000   0.0000   0.0000   1.0000   1.0000 
  0.0000   1.0000   1.0000   0.0000   0.0000   1.0000   1.0000   1.0000 
  1.0000   0.0000   1.0000   0.0000   0.0000   0.0000   1.0000   0.0000 
  0.0000   1.0000   0.0000   0.0000   1.0000   1.0000   0.0000   0.0000 
  1.0000   0.0000   0.0000   0.0000   0.0000   1.0000   0.0000   0.0000 
  1.0000   0.0000   0.0000   1.0000   1.0000   1.0000   0.0000   0.0000 
  0.0000   1.0000   1.0000   1.0000   0.0000   1.0000   1.0000   1.0000 
23:23:20 18.10.2024:Second GF2 matrix
  1.0000   0.0000   0.0000   0.0000   0.0000   1.0000   0.0000   0.0000 
  0.0000   1.0000   1.0000   1.0000   1.0000   0.0000   0.0000   1.0000 
  1.0000   0.0000   1.0000   1.0000   1.0000   1.0000   1.0000   1.0000 
  1.0000   1.0000   0.0000   1.0000   1.0000   0.0000   0.0000   1.0000 
  1.0000   1.0000   0.0000   0.0000   1.0000   1.0000   1.0000   1.0000 
  0.0000   0.0000   0.0000   0.0000   1.0000   0.0000   0.0000   0.0000 
  0.0000   0.0000   1.0000   0.0000   1.0000   0.0000   0.0000   1.0000 
  1.0000   0.0000   0.0000   1.0000   0.0000   1.0000   0.0000   0.0000 
23:23:55 18.10.2024:Polinom mult
  0.0000   0.0000   0.0000   1.0000   1.0000   1.0000   1.0000   0.0000 
  1.0000   1.0000   1.0000   0.0000   0.0000   0.0000   0.0000   1.0000 
  0.0000   0.0000   0.0000   1.0000   1.0000   1.0000   1.0000   0.0000 
  0.0000   0.0000   0.0000   1.0000   1.0000   1.0000   1.0000   0.0000 
  0.0000   0.0000   0.0000   1.0000   1.0000   1.0000   1.0000   0.0000 
  1.0000   1.0000   1.0000   0.0000   0.0000   0.0000   0.0000   1.0000 
  1.0000   1.0000   1.0000   0.0000   0.0000   0.0000   0.0000   1.0000 
  1.0000   1.0000   1.0000   0.0000   0.0000   0.0000   0.0000   1.0000 
23:23:55 18.10.2024:Classic mult
  0.0000   0.0000   0.0000   1.0000   1.0000   1.0000   1.0000   0.0000 
  1.0000   1.0000   1.0000   0.0000   0.0000   0.0000   0.0000   1.0000 
  0.0000   0.0000   0.0000   1.0000   1.0000   1.0000   1.0000   0.0000 
  0.0000   0.0000   0.0000   1.0000   1.0000   1.0000   1.0000   0.0000 
  0.0000   0.0000   0.0000   1.0000   1.0000   1.0000   1.0000   0.0000 
  1.0000   1.0000   1.0000   0.0000   0.0000   0.0000   0.0000   1.0000 
  1.0000   1.0000   1.0000   0.0000   0.0000   0.0000   0.0000   1.0000 
  1.0000   1.0000   1.0000   0.0000   0.0000   0.0000   0.0000   1.0000 
23:23:56 18.10.2024:
U = 7.030000 ~U = 6.970000 Other = 1.000000

23:23:56 18.10.2024:0000 0000 0703 0039 0014 0028 0019 0697 0000 0000 
02:10:28 01.06.2025:Start Matrix
02:10:28 01.06.2025:Success Protect Function
02:10:28 01.06.2025:Ok Test Random
02:10:28 01.06.2025:Success Protect Function
02:10:28 01.06.2025:Ok Test Random
02:10:28 01.06.2025:Sourse 3L matrix
  1.0000   0.0000   1.0000   0.0000   0.2500   0.0000   0.0000   1.0000 
  0.0000   1.0000   1.0000   0.0000   0.0000   1.0000   0.0000   1.0000 
  1.0000   0.0000   1.0000   0.0000   1.0000   1.0000   0.0000   1.0000 
  0.0000   1.0000   0.0000   0.0000   1.0000   0.0000   0.0000   0.0000 
  0.0000   1.0000   0.0000   1.0000   0.0000   0.0000   0.0000   1.0000 
  1.0000   1.0000   0.0000   0.0000   1.0000   1.0000   0.0000   1.0000 
  1.0000   0.0000   1.0000   0.0000   1.0000   0.0000   0.0000   1.0000 
  1.0000   0.0000   0.0000   1.0000   0.0000   1.0000   1.0000   0.0000 
02:10:28 01.06.2025:Reverse (normal) 3L matrix
  2.0000  -0.7500   0.7500   0.7500   0.0000  -0.0000  -2.0000  -0.0000 
  1.0000   0.0000  -0.0000   0.7500  -0.0000   0.0000  -1.0000   0.0000 
  1.0000  -0.0000   0.7500   0.7500   0.0000  -0.7500  -1.0000  -0.0000 
  1.0000  -0.7500   1.5000   0.7500   0.7500  -0.7500  -1.7500   0.0000 
 -1.0000  -0.0000   0.0000  -0.0000   0.0000  -0.0000   1.0000  -0.0000 
 -0.0000   0.0000   0.7500   0.0000  -0.0000   0.0000  -0.7500   0.0000 
 -3.0000   1.5000  -3.0000  -1.5000  -0.7500   0.7500   4.5000   0.7500 
 -2.0000   0.7500  -1.5000  -1.5000  -0.0000   0.7500   2.7500   0.0000 
02:10:30 01.06.2025:DET = 0 Reverse Matrix not exist
02:10:30 01.06.2025:DET = 0 Reverse Matrix not exist
02:10:30 01.06.2025:DET = 0 Reverse Matrix not exist
02:10:31 01.06.2025:DET = 0 Reverse Matrix not exist
02:10:31 01.06.2025:Sourse 3L matrix
  1.0000   0.0000   1.0000   0.0000   1.0000   1.0000   1.0000   0.0000 
  0.0000   0.0000   1.0000   0.0000   0.0000   1.0000   1.0000   1.0000 
  0.0000   1.0000   0.0000   1.0000   1.0000   0.0000   0.0000   0.0000 
  0.0000   0.0000   1.0000   1.0000   1.0000   0.0000   1.0000   0.0000 
  1.0000   0.0000   0.0000   1.0000   0.0000   1.0000   0.0000   0.0000 
  1.0000   1.0000   0.0000   1.0000   0.0000   0.0000   1.0000   0.0000 
  0.0000   0.0000   1.0000   0.0000   0.2500   1.0000   1.0000   0.0000 
  0.0000   1.0000   1.0000   1.0000   1.0000   1.0000   1.0000   0.0000 
02:10:31 01.06.2025:Reverse (normal) 3L matrix
  0.5000  -0.0000  -1.5000  -0.0000   0.0000  -0.0000  -2.0000   1.5000 
  0.2500   0.0000  -1.5000  -0.2500  -0.2500   0.0000  -2.0000   2.0000 
  0.7500  -0.0000  -5.0000   0.2500  -0.2500  -0.5000  -6.0000   5.5000 
 -0.2500   0.0000  -0.0000   0.2500   0.2500   0.0000  -0.0000   0.0000 
  0.0000  -0.0000   2.0000  -0.0000   0.0000  -0.0000   2.0000  -2.0000 
 -0.2500   0.0000   1.5000  -0.2500   0.2500   0.0000   2.0000  -1.5000 
 -0.5000  -0.0000   3.0000  -0.0000   0.0000   0.5000   4.0000  -3.5000 
 -0.0000   0.5000   0.5000   0.0000  -0.0000   0.0000  -0.0000  -0.5000 
02:10:32 01.06.2025:DET = 0 Reverse Matrix not exist
02:10:32 01.06.2025:DET = 0 Reverse Matrix not exist
02:10:32 01.06.2025:DET = 0 Reverse Matrix not exist
02:10:32 01.06.2025:DET = 0 Reverse Matrix not exist
02:10:33 01.06.2025:DET = 0 Reverse Matrix not exist
02:10:33 01.06.2025:DET = 0 Reverse Matrix not exist
02:10:33 01.06.2025:DET = 0 Reverse Matrix not exist
02:10:34 01.06.2025:Sourse 3L matrix
  0.2500   1.0000   1.0000   1.0000   0.0000   0.0000   1.0000   0.0000 
  0.0000   1.0000   1.0000   1.0000   1.0000   0.0000   0.0000   1.0000 
  0.0000   0.0000   0.0000   1.0000   1.0000   0.0000   1.0000   1.0000 
  0.0000   0.0000   1.0000   1.0000   1.0000   0.0000   0.0000   1.0000 
  1.0000   1.0000   1.0000   1.0000   1.0000   0.0000   0.0000   0.0000 
  1.0000   0.0000   1.0000   0.0000   1.0000   1.0000   0.0000   1.0000 
  1.0000   1.0000   0.0000   1.0000   1.0000   0.0000   1.0000   1.0000 
  1.0000   0.0000   0.0000   1.0000   1.0000   1.0000   0.0000   0.0000 
02:10:34 01.06.2025:Reverse (normal) 3L matrix
  0.0000   3.0000   3.0000  -3.0000   0.0000  -0.0000  -3.0000  -0.0000 
 -0.0000  -3.0000  -0.0000   3.0000  -0.0000   0.0000  -0.0000   0.0000 
 -1.0000   0.7500  -0.2500  -0.7500  -1.0000  -1.0000   1.2500   1.0000 
 -1.0000   0.7500   2.7500  -3.7500   2.0000   2.0000  -1.7500  -2.0000 
  2.0000  -1.5000  -5.5000   4.5000  -4.0000  -1.0000   3.5000   1.0000 
 -1.0000  -2.2500  -0.2500   2.2500   2.0000  -1.0000   1.2500  -2.0000 
 -1.0000   0.7500  -3.2500   2.2500  -1.0000  -1.0000   1.2500   1.0000 
 -0.0000   0.0000   3.0000  -3.0000   3.0000   0.0000  -3.0000   0.0000 
02:10:34 01.06.2025:DET = 0 Reverse Matrix not exist
02:10:35 01.06.2025:DET = 0 Reverse Matrix not exist
02:10:35 01.06.2025:DET = 0 Reverse Matrix not exist
02:10:36 01.06.2025:DET = 0 Reverse Matrix not exist
02:10:36 01.06.2025:DET = 0 Reverse Matrix not exist
02:10:36 01.06.2025:DET = 0 Reverse Matrix not exist
02:10:36 01.06.2025:DET = 0 Reverse Matrix not exist
02:10:37 01.06.2025:DET = 0 Reverse Matrix not exist
02:10:37 01.06.2025:Sourse 3L matrix
  0.0000   0.0000   1.0000   1.0000   1.0000   1.0000   0.0000   0.0000 
  0.0000   0.0000   1.0000   0.0000   1.0000   1.0000   1.0000   1.0000 
  1.0000   1.0000   0.0000   1.0000   0.0000   0.2500   1.0000   1.0000 
  0.0000   0.0000   1.0000   0.0000   1.0000   0.0000   0.0000   1.0000 
  1.0000   1.0000   0.0000   0.0000   0.0000   0.0000   1.0000   1.0000 
  0.0000   0.0000   0.0000   1.0000   1.0000   0.0000   1.0000   0.0000 
  1.0000   1.0000   1.0000   1.0000   1.0000   0.0000   0.0000   0.0000 
  0.0000   0.0000   0.0000   0.0000   1.0000   1.0000   0.0000   1.0000 
02:10:37 01.06.2025:DET = 0 Reverse Matrix not exist
02:10:37 01.06.2025:DET = 0 Reverse Matrix not exist
02:10:37 01.06.2025:DET = 0 Reverse Matrix not exist
02:10:38 01.06.2025:DET = 0 Reverse Matrix not exist
02:10:39 01.06.2025:DET = 0 Reverse Matrix not exist
02:10:39 01.06.2025:DET = 0 Reverse Matrix not exist
02:10:40 01.06.2025:DET = 0 Reverse Matrix not exist
02:10:40 01.06.2025:DET = 0 Reverse Matrix not exist
02:10:40 01.06.2025:DET = 0 Reverse Matrix not exist
02:10:40 01.06.2025:DET = 0 Reverse Matrix not exist
02:10:41 01.06.2025:Sourse 3L matrix
  0.0000   1.0000   0.0000   0.0000   0.0000   1.0000   1.0000   1.0000 
  0.0000   1.0000   0.0000   0.0000   1.0000   0.0000   0.0000   1.0000 
  1.0000   0.0000   0.0000   0.0000   0.0000   1.0000   1.0000   1.0000 
  0.0000   1.0000   0.0000   1.0000   1.0000   0.0000   1.0000   1.0000 
  1.0000   0.0000   0.0000   1.0000   0.0000   1.0000   0.2500   0.0000 
  0.0000   0.0000   1.0000   1.0000   0.0000   0.0000   1.0000   0.0000 
  0.0000   1.0000   1.0000   1.0000   0.0000   0.0000   0.0000   1.0000 
  1.0000   1.0000   1.0000   0.0000   0.0000   0.0000   0.0000   1.0000 
02:10:41 01.06.2025:Reverse (normal) 3L matrix
 -1.0000  -1.7500   0.0000   1.7500   1.0000  -1.0000  -1.7500   2.7500 
  2.7500  -1.7500  -3.7500   1.7500   1.0000  -1.0000  -1.7500   2.7500 
  0.0000   3.7500   0.0000  -3.7500   0.0000   3.7500   0.0000  -0.0000 
 -1.0000  -1.7500  -0.0000   1.7500   1.0000  -1.0000   2.0000  -1.0000 
 -1.0000   5.7500   0.0000  -2.0000   1.0000   2.7500  -1.7500  -1.0000 
  1.7500   4.0000  -0.0000  -4.0000   2.0000   1.7500   0.2500  -2.0000 
  1.0000  -2.0000   0.0000   2.0000  -1.0000   1.0000  -2.0000   1.0000 
 -1.7500  -0.2500   3.7500   0.2500  -2.0000  -1.7500   3.5000  -1.7500 
02:10:41 01.06.2025:DET = 0 Reverse Matrix not exist
02:10:41 01.06.2025:DET = 0 Reverse Matrix not exist
02:10:41 01.06.2025:DET = 0 Reverse Matrix not exist
02:10:41 01.06.2025:DET = 0 Reverse Matrix not exist
02:10:42 01.06.2025:DET = 0 Reverse Matrix not exist
02:10:43 01.06.2025:DET = 0 Reverse Matrix not exist
02:10:43 01.06.2025:DET = 0 Reverse Matrix not exist
02:10:43 01.06.2025:DET = 0 Reverse Matrix not exist
02:10:44 01.06.2025:DET = 0 Reverse Matrix not exist
02:10:44 01.06.2025:DET = 0 Reverse Matrix not exist
02:10:44 01.06.2025:DET = 0 Reverse Matrix not exist
02:10:44 01.06.2025:
All det = 60 [0.600000] U = 4.383333 ~U = 4.533333 Other = 27.016667

02:10:44 01.06.2025:0000 0000 0263 0000 0140 0000 0000 0272 0000 0000 
02:10:44 01.06.2025:First GF2 matrix
  0.0000   1.0000   1.0000   0.0000   1.0000   0.0000   1.0000   0.0000 
  0.0000   1.0000   0.0000   0.0000   1.0000   1.0000   1.0000   1.0000 
  1.0000   1.0000   1.0000   0.0000   0.0000   0.0000   1.0000   0.0000 
  0.0000   0.0000   1.0000   0.0000   0.0000   1.0000   0.0000   1.0000 
  0.0000   1.0000   1.0000   0.0000   0.0000   0.0000   1.0000   1.0000 
  0.0000   1.0000   1.0000   1.0000   0.0000   0.0000   0.0000   0.0000 
  0.0000   1.0000   0.0000   0.0000   1.0000   0.0000   1.0000   1.0000 
  0.0000   0.0000   0.0000   1.0000   1.0000   1.0000   0.0000   0.0000 
02:10:46 01.06.2025:Second GF2 matrix
  1.0000   1.0000   0.0000   0.0000   0.0000   1.0000   0.0000   0.0000 
  0.0000   1.0000   1.0000   1.0000   1.0000   1.0000   0.0000   1.0000 
  0.0000   1.0000   0.0000   0.0000   0.0000   1.0000   1.0000   1.0000 
  0.0000   0.0000   1.0000   1.0000   0.0000   0.0000   1.0000   1.0000 
  0.0000   1.0000   0.0000   0.0000   1.0000   1.0000   0.0000   1.0000 
  1.0000   0.0000   0.0000   1.0000   0.0000   0.0000   0.0000   1.0000 
  0.0000   0.0000   0.0000   0.0000   1.0000   1.0000   0.0000   0.0000 
  0.0000   0.0000   1.0000   1.0000   1.0000   0.0000   1.0000   0.0000 
02:10:50 01.06.2025:Polinom mult
  0.0000   0.0000   1.0000   0.0000   0.0000   1.0000   1.0000   1.0000 
  1.0000   1.0000   0.0000   1.0000   1.0000   0.0000   0.0000   0.0000 
  0.0000   0.0000   1.0000   0.0000   0.0000   1.0000   1.0000   1.0000 
  1.0000   1.0000   0.0000   1.0000   1.0000   0.0000   0.0000   0.0000 
  0.0000   0.0000   1.0000   0.0000   0.0000   1.0000   1.0000   1.0000 
  1.0000   1.0000   0.0000   1.0000   1.0000   0.0000   0.0000   0.0000 
  0.0000   0.0000   1.0000   0.0000   0.0000   1.0000   1.0000   1.0000 
  1.0000   1.0000   0.0000   1.0000   1.0000   0.0000   0.0000   0.0000 
02:10:50 01.06.2025:Classic mult
  0.0000   0.0000   1.0000   0.0000   0.0000   1.0000   1.0000   1.0000 
  1.0000   1.0000   0.0000   1.0000   1.0000   0.0000   0.0000   0.0000 
  0.0000   0.0000   1.0000   0.0000   0.0000   1.0000   1.0000   1.0000 
  1.0000   1.0000   0.0000   1.0000   1.0000   0.0000   0.0000   0.0000 
  0.0000   0.0000   1.0000   0.0000   0.0000   1.0000   1.0000   1.0000 
  1.0000   1.0000   0.0000   1.0000   1.0000   0.0000   0.0000   0.0000 
  0.0000   0.0000   1.0000   0.0000   0.0000   1.0000   1.0000   1.0000 
  1.0000   1.0000   0.0000   1.0000   1.0000   0.0000   0.0000   0.0000 
02:10:52 01.06.2025:
U = 7.490000 ~U = 6.510000 Other = 1.000000

02:10:52 01.06.2025:0000 0000 0749 0030 0024 0030 0016 0651 0000 0000 
