01:46:28 07.09.2024:Start Matrix
01:46:28 07.09.2024:Success Protect Function
01:46:28 07.09.2024:Ok Test Random
01:46:28 07.09.2024:Success Protect Function
01:46:28 07.09.2024:Ok Test Random
 -0.3333   1.3333  -1.3333   0.3333   1.0000 
 -1.3333   1.3333  -1.3333   1.3333   0.0000 
 -0.6667  -0.3333   1.3333  -0.3333  -1.0000 
  0.3333  -1.3333   1.3333  -0.3333   0.0000 
  1.0000   0.0000  -0.0000   0.0000  -0.0000 
01:47:27 07.09.2024:Start Matrix
01:47:27 07.09.2024:Success Protect Function
01:47:27 07.09.2024:Ok Test Random
01:47:27 07.09.2024:Success Protect Function
01:47:27 07.09.2024:Ok Test Random
     nan      nan      nan      inf     -inf 
     nan      nan      nan     -inf      inf 
     nan      nan      nan     -inf      inf 
     nan      nan      nan      inf     -inf 
     nan      nan      nan     -inf      inf 
02:11:07 01.06.2025:Start ZRP
02:11:07 01.06.2025:Success Protect Function
02:11:07 01.06.2025:Ok Test Random
02:11:07 01.06.2025:Success Protect Function
02:11:07 01.06.2025:Ok Test Random
